┌─────────┬───────────┬───────────────┬────────────────┬───────────┬──────────┬────────────────────┬───────────────┬───────────┬─────────┬──────────┬────────────────────┬─────────────────────────┬───────────────────┐
│ (index) │  ticker   │    sector     │      figi      │  volMax   │  volMin  │        avg         │       t       │    med    │   lot   │  price   │       total        │ total_minPriceIncrement │ minPriceIncrement │
├─────────┼───────────┼───────────────┼────────────────┼───────────┼──────────┼────────────────────┼───────────────┼───────────┼─────────┼──────────┼────────────────────┼─────────────────────────┼───────────────────┤
│    0    │  'MDMG'   │ 'health_care' │ 'BBG00Y3XYV94' │  934977   │   741    │ 116448.32142857143 │  23787843.75  │  42289.5  │    1    │  562.5   │       562.5        │           0.1           │        0.1        │
│    1    │  'FIXP'   │  'consumer'   │ 'BBG00ZHCX1X2' │  342948   │  39422   │ 100577.66666666667 │  26029194.4   │   72143   │    1    │  360.8   │       360.8        │           0.1           │        0.1        │
│    2    │  'MOEX'   │  'financial'  │ 'BBG004730JJ5' │  853171   │   1847   │ 366659.53571428574 │  445284661.5  │ 402244.5  │   10    │  110.7   │        1107        │           0.1           │       0.01        │
│    3    │  'MRKU'   │  'utilities'  │ 'BBG000VKG4R5' │   8014    │   517    │ 2907.8571428571427 │    4119730    │   1895    │  10000  │  0.2174  │        2174        │            2            │      0.0002       │
│    4    │  'MRKZ'   │  'utilities'  │ 'BBG000TJ6F42' │  203359   │   4991   │ 47363.90476190476  │   12931812    │   36072   │  10000  │ 0.03585  │       358.5        │           0.5           │      0.00005      │
│    5    │  'TGKB'   │  'utilities'  │ 'BBG000Q7GG57' │   27621   │   805    │ 4647.952380952381  │    6895020    │   1364    │ 1000000 │ 0.005055 │        5055        │            5            │     0.000005      │
│    6    │  'KZOS'   │  'materials'  │ 'BBG0029SFXB3' │  190253   │   4231   │ 43507.333333333336 │   27069430    │   26281   │   10    │   103    │        1030        │            1            │        0.1        │
│    7    │  'YNDX'   │   'telecom'   │ 'BBG006L8G4H1' │  1934934  │   6593   │      413003.5      │  561235362.9  │ 273853.5  │    1    │  2049.4  │       2049.4       │           0.2           │        0.2        │
│    8    │  'VTBR'   │  'financial'  │ 'BBG004730ZJ9' │ 54567980  │  32737   │     11951898.5     │ 1272088125.6  │  6419824  │  10000  │ 0.019815 │       198.15       │          0.05           │     0.000005      │
│    9    │  'ENPG'   │  'materials'  │ 'BBG000RMWQD4' │  966773   │   1199   │     273854.75      │  106963587.5  │ 225186.5  │    1    │   475    │        475         │           0.5           │        0.5        │
│   10    │  'CHMK'   │  'materials'  │ 'BBG000RP8V70' │  120734   │   610    │ 8531.809523809523  │   10927200    │   1740    │    1    │   6280   │        6280        │            5            │         5         │
│   11    │  'FEES'   │  'utilities'  │ 'BBG00475JZZ6' │  806991   │  41155   │ 205059.66666666666 │  146887602.4  │  140267   │  10000  │ 0.10472  │       1047.2       │           0.2           │      0.00002      │
│   12    │  'APTK'   │  'consumer'   │ 'BBG000K3STR7' │  377545   │  18320   │ 111981.52380952382 │  11523993.6   │   89472   │   10    │  12.88   │       128.8        │          0.02           │       0.002       │
│   13    │  'RUGR'   │  'consumer'   │ 'BBG0014PFYM2' │  550955   │   7621   │ 65257.09523809524  │   6502900.2   │   35691   │   10    │  18.22   │       182.2        │          0.02           │       0.002       │
│   14    │  'SGZH'   │  'materials'  │ 'BBG0100R9963' │  2331012  │   2628   │ 521627.4285714286  │  222564449.8  │  390601   │   100   │  5.698   │ 569.8000000000001  │           0.1           │       0.001       │
│   15    │  'MRKV'   │  'utilities'  │ 'BBG000PKWCQ7' │  229771   │  19642   │ 65509.142857142855 │   18958244    │   50488   │  10000  │ 0.03755  │       375.5        │           0.5           │      0.00005      │
│   16    │  'ALRS'   │  'materials'  │ 'BBG004S68B31' │  2878740  │   3383   │ 1120609.7857142857 │  817757945.6  │ 1205421.5 │   10    │  67.84   │ 678.4000000000001  │           0.1           │       0.01        │
│   17    │  'SELG'   │  'materials'  │ 'BBG002458LF8' │  2166900  │  74252   │ 286685.04761904763 │   96575440    │  185722   │   10    │    52    │        520         │           0.1           │       0.01        │
│   18    │  'KLSB'   │  'utilities'  │ 'BBG000DBD6F6' │  186339   │   4250   │ 35655.19047619047  │   37719376    │   18346   │   100   │  20.56   │        2056        │            1            │       0.01        │
│   19    │  'LIFE'   │ 'health_care' │ 'BBG0019K04R5' │  3648275  │  99741   │ 708532.3333333334  │   405448892   │  435031   │   100   │   9.32   │        932         │           0.5           │       0.005       │
│   20    │  'FLOT'   │ 'industrials' │ 'BBG000R04X57' │  6207711  │  125519  │ 1102393.4285714286 │  274212122.7  │  463431   │   10    │  59.17   │       591.7        │           0.1           │       0.01        │
│   21    │  'GRNT'   │ 'industrials' │ 'BBG00B8NN386' │  3425266  │  192452  │ 729427.5238095238  │  11324563.2   │  589821   │   100   │  0.192   │        19.2        │          0.05           │      0.0005       │
│   22    │  'ENRU'   │  'utilities'  │ 'BBG000F6YP24' │   95394   │  95394   │       95394        │   55805490    │   95394   │  1000   │  0.585   │        585         │           0.2           │      0.0002       │
│   23    │  'GTRK'   │ 'industrials' │ 'BBG00HY6V6H5' │  443393   │   3536   │ 65568.42857142857  │  20989378.5   │   27491   │   10    │  76.35   │       763.5        │           0.5           │       0.05        │
│   24    │  'SFIN'   │  'financial'  │ 'BBG003LYCMB1' │   32279   │   388    │ 3373.3333333333335 │    7295340    │   1410    │   10    │  517.4   │        5174        │            2            │        0.2        │
│   25    │  'MGNT'   │  'consumer'   │ 'BBG004RVFCY3' │  697591   │   899    │ 198155.35714285713 │  713861340.5  │  149359   │    1    │  4779.5  │       4779.5       │           0.5           │        0.5        │
│   26    │  'SMLT'   │ 'real_estate' │ 'BBG00F6NKQX3' │  463531   │   650    │ 117403.82142857143 │   236887716   │   87477   │    1    │   2708   │        2708        │           0.5           │        0.5        │
│   27    │ 'VEON-RX' │   'telecom'   │ 'BBG00R4Z2NT4' │  173458   │   3010   │ 29266.95238095238  │    8809668    │   16254   │   10    │   54.2   │        542         │           0.5           │       0.05        │
│   28    │  'LNZL'   │  'materials'  │ 'BBG000SK7JS5' │   9121    │    7     │ 1671.4285714285713 │   17585625    │  1037.5   │    1    │  16950   │       16950        │           10            │        10         │
│   29    │  'MRKP'   │  'utilities'  │ 'BBG000VG1034' │  371049   │   8329   │ 52381.142857142855 │   35394562    │   15703   │  10000  │  0.2254  │        2254        │            1            │      0.0001       │
│   30    │  'KAZTP'  │  'materials'  │ 'BBG002B9T6Y1' │   13839   │   171    │ 1934.904761904762  │    5430530    │    805    │   10    │  674.6   │        6746        │            2            │        0.2        │
│   31    │  'LKOH'   │   'energy'    │ 'BBG004731032' │  3660601  │   5272   │ 664848.3571428572  │ 2934997188.75 │ 624135.5  │    1    │  4702.5  │       4702.5       │           0.5           │        0.5        │
│   32    │  'PLZL'   │  'materials'  │ 'BBG000R607Y3' │  614728   │   455    │     160522.75      │  1395865674   │  133206   │    1    │  10479   │       10479        │           0.5           │        0.5        │
│   33    │  'BSPB'   │  'financial'  │ 'BBG000QJW156' │  1376531  │  104184  │ 401007.1904761905  │   434348196   │  249110   │   10    │  174.36  │ 1743.6000000000001 │           0.1           │       0.01        │
│   34    │  'UNKL'   │  'materials'  │ 'BBG002YFXL29' │   11009   │   219    │ 1908.3333333333333 │   14512550    │   1345    │    1    │  10790   │       10790        │           10            │        10         │
│   35    │  'TCSG'   │  'financial'  │ 'BBG00QPYJ5H0' │  665100   │  84638   │ 245745.14285714287 │   497034760   │  184840   │    1    │   2689   │        2689        │           0.5           │        0.5        │
│   36    │  'MGTSP'  │   'telecom'   │ 'BBG000PZ0833' │  256362   │   4942   │ 84592.33333333333  │   61644608    │   42928   │    1    │   1436   │        1436        │            2            │         2         │
│   37    │  'SBER'   │  'financial'  │ 'BBG004730N88' │ 11590576  │  17954   │ 4880839.892857143  │ 10353343993.2 │  4404179  │   10    │  235.08  │       2350.8       │           0.1           │       0.01        │
│   38    │  'PHOR'   │  'materials'  │ 'BBG004S689R0' │  312469   │   346    │ 67191.29629629629  │   405893616   │   55724   │    1    │   7284   │        7284        │            1            │         1         │
│   39    │  'PRFN'   │  'materials'  │ 'BBG003BNWBP3' │  433907   │  18168   │ 136850.47619047618 │  36170968.6   │   88894   │   100   │  4.069   │       406.9        │           0.1           │       0.001       │
│   40    │  'SVAV'   │  'consumer'   │ 'BBG004S68JR8' │  468137   │   3148   │ 82002.19047619047  │   63789825    │   15279   │   10    │  417.5   │        4175        │            5            │        0.5        │
│   41    │  'UNAC'   │ 'industrials' │ 'BBG000Q7ZZY2' │  198143   │  15992   │ 46392.76190476191  │   20039230    │   27451   │  1000   │   0.73   │        730         │           0.5           │      0.0005       │
│   42    │  'IRGZ'   │  'utilities'  │ 'BBG000NL6ZD9' │ -Infinity │ Infinity │        NaN         │       0       │     0     │   100   │  14.02   │        1402        │            2            │       0.02        │
│   43    │  'AMEZ'   │  'materials'  │ 'BBG000RJWGC4' │  102459   │   3156   │ 15520.47619047619  │   94634190    │   10143   │   100   │   93.3   │        9330        │           0.5           │       0.005       │
│   44    │  'DSKY'   │  'consumer'   │ 'BBG000BN56Q9' │   94280   │   4707   │ 29561.809523809523 │   14805824    │   21031   │   10    │   70.4   │        704         │           0.2           │       0.02        │
│   45    │  'MRKY'   │  'utilities'  │ 'BBG000C7P5M7' │  225915   │   2835   │ 22858.904761904763 │    4082400    │   9072    │  10000  │  0.045   │        450         │           0.5           │      0.00005      │
│   46    │  'UWGN'   │ 'industrials' │ 'BBG008HD3V85' │ 20700151  │  451785  │ 4764607.904761905  │  485446666.4  │  2594584  │    1    │  187.1   │       187.1        │           0.1           │        0.1        │
│   47    │  'GEMC'   │ 'health_care' │ 'BBG011MCM288' │  377402   │  10829   │       45582        │  11152510.4   │   25544   │    1    │  436.6   │       436.6        │           0.1           │        0.1        │
│   48    │  'BELU'   │  'consumer'   │ 'BBG000TY1CD1' │  389290   │   1188   │ 96556.32142857143  │   285551244   │  63625.5  │    1    │   4488   │        4488        │            1            │         1         │
│   49    │  'NKHP'   │ 'industrials' │ 'BBG00BGKYH17' │   35708   │   290    │ 4434.857142857143  │    6690380    │   1681    │   10    │   398    │        3980        │            5            │        0.5        │
│   50    │  'CNTLP'  │   'telecom'   │ 'BBG0027F0Y27' │  306860   │   5644   │ 65723.85714285714  │   56161392    │   39662   │   100   │  14.16   │        1416        │            2            │       0.02        │
│   51    │  'GLTR'   │ 'industrials' │ 'BBG000VFX6Y4' │  1241131  │  55208   │ 268505.90476190473 │  121159688.1  │  263362   │    1    │  460.05  │       460.05       │          0.05           │       0.05        │
│   52    │  'FIVE'   │  'consumer'   │ 'BBG00JXPFBN0' │  406091   │   3261   │ 135962.07142857142 │   184589503   │ 118478.5  │    1    │   1558   │        1558        │           0.5           │        0.5        │
│   53    │  'BANE'   │   'energy'    │ 'BBG004S68758' │  191150   │   4578   │ 41195.76190476191  │  31126045.5   │   23679   │    1    │  1314.5  │       1314.5       │           0.5           │        0.5        │
│   54    │  'OKEY'   │  'consumer'   │ 'BBG00172J7S9' │  556268   │  10590   │ 112748.76190476191 │   21644067    │   67427   │   10    │   32.1   │        321         │           0.1           │       0.01        │
│   55    │  'TRMK'   │ 'industrials' │ 'BBG004TC84Z8' │  1582570  │   1381   │ 304593.5714285714  │   152699093   │  147821   │   10    │  103.3   │        1033        │           0.2           │       0.02        │
│   56    │  'POSI'   │     'it'      │ 'TCS00A103X66' │  569017   │   2012   │     136147.25      │  174491403.9  │ 101815.5  │    1    │  1713.8  │       1713.8       │           0.2           │        0.2        │
│   57    │  'BANEP'  │   'energy'    │ 'BBG004S686N0' │  2489909  │  22671   │ 297756.1904761905  │   66159585    │   56985   │    1    │   1161   │        1161        │           0.5           │        0.5        │
│   58    │  'RUAL'   │  'materials'  │ 'BBG008F2T3T2' │  4103560  │   5693   │ 1171863.4642857143 │  394491283.8  │  928324   │   10    │  42.495  │       424.95       │          0.05           │       0.005       │
│   59    │  'TTLK'   │   'telecom'   │ 'BBG000RJL816' │  514017   │  16485   │ 143029.38095238095 │   72245844    │   92268   │  1000   │  0.783   │        783         │           0.5           │      0.0005       │
│   60    │  'GMKN'   │  'materials'  │ 'BBG004731489' │  235196   │   231    │ 66866.60714285714  │   971919581   │  62358.5  │    1    │  15586   │       15586        │            2            │         2         │
│   61    │  'MSRS'   │  'utilities'  │ 'BBG004S687G6' │   81729   │   7151   │ 30429.571428571428 │   30969776    │   29272   │  1000   │  1.058   │        1058        │           0.5           │      0.0005       │
│   62    │  'QIWI'   │     'it'      │ 'BBG005D1WCQ1' │  375516   │  23057   │ 101489.95238095238 │   48646936    │   76973   │    1    │   632    │        632         │           0.5           │        0.5        │
│   63    │  'IRKT'   │ 'industrials' │ 'BBG000FWGSZ5' │  108129   │   1684   │       13651        │   48571320    │   7637    │   100   │   63.6   │        6360        │            2            │       0.02        │
│   64    │  'ISKJ'   │ 'health_care' │ 'BBG000N16BP3' │  1176803  │  60020   │ 276486.61904761905 │  257284473.6  │  214368   │   10    │  120.02  │       1200.2       │           0.2           │       0.02        │
│   65    │  'OZON'   │  'consumer'   │ 'BBG00Y91R9T3' │  945237   │   2791   │ 204422.5357142857  │   349948156   │  201932   │    1    │   1733   │        1733        │           0.5           │        0.5        │
│   66    │  'UPRO'   │  'utilities'  │ 'BBG004S686W0' │  547460   │   429    │ 96884.67857142857  │   130711185   │  66757.5  │  1000   │  1.958   │        1958        │            1            │       0.001       │
│   67    │  'MTLRP'  │  'materials'  │ 'BBG004S68FR6' │  836536   │   227    │     160143.25      │ 188360986.25  │  87957.5  │   10    │  214.15  │       2141.5       │           0.5           │       0.05        │
│   68    │  'KZOSP'  │  'materials'  │ 'BBG0029SG1C1' │  3559740  │  69823   │ 393010.6666666667  │   73631310    │  231545   │   10    │   31.8   │        318         │           0.1           │       0.01        │
│   69    │  'LSNG'   │  'utilities'  │ 'BBG000NLC9Z6' │  1621633  │   4275   │ 137425.61904761905 │   58403201    │   36343   │   100   │  16.07   │        1607        │            1            │       0.01        │
│   70    │  'HYDR'   │  'utilities'  │ 'BBG00475K2X9' │  1545853  │   423    │ 134131.92857142858 │  57066886.7   │  68606.5  │  1000   │  0.8318  │       831.8        │           0.1           │      0.0001       │
│   71    │  'RTKMP'  │   'telecom'   │ 'BBG004S685M3' │   36129   │  10000   │ 21918.666666666668 │   13724144    │   21664   │   10    │  63.35   │       633.5        │           0.5           │       0.05        │
│   72    │  'AFKS'   │  'financial'  │ 'BBG004S68614' │  566318   │   1167   │ 241739.0357142857  │   405796242   │ 266270.5  │   100   │  15.24   │        1524        │           0.1           │       0.001       │
│   73    │  'VRSB'   │  'utilities'  │ 'BBG000BX7DH0' │  177753   │   1050   │ 20295.666666666668 │   20574216    │   5603    │   10    │  367.2   │        3672        │            2            │        0.2        │
│   74    │  'ROSN'   │   'energy'    │ 'BBG004731354' │  6386926  │  18536   │ 1929154.0357142857 │ 783984780.07  │ 1970058.5 │    1    │  397.95  │       397.95       │          0.05           │       0.05        │
│   75    │  'NKNC'   │  'materials'  │ 'BBG000GQSRR5' │  270981   │  12059   │ 58963.619047619046 │   33077473    │   26611   │   10    │  124.3   │        1243        │           0.5           │       0.05        │
│   76    │  'GAZP'   │   'energy'    │ 'BBG004730RP0' │ 11820394  │  10250   │      2661584       │  4150815104   │  2308060  │   10    │  179.84  │       1798.4       │           0.1           │       0.01        │
│   77    │  'KRKNP'  │   'energy'    │ 'BBG002B2J5X0' │   40459   │   659    │ 3785.9523809523807 │   20514640    │   1388    │    1    │  14780   │       14780        │           20            │        20         │
│   78    │  'RASP'   │  'materials'  │ 'BBG004S68696' │  1066115  │   288    │ 126677.10714285714 │   162941856   │   55272   │   10    │  294.8   │        2948        │           0.5           │       0.05        │
│   79    │  'CHMF'   │  'materials'  │ 'BBG00475K6C3' │  2677709  │   2851   │ 752154.8214285715  │   709096256   │  700688   │    1    │   1012   │        1012        │           0.2           │        0.2        │
│   80    │  'ETLN'   │ 'real_estate' │ 'BBG001M2SC01' │  4695252  │  156165  │ 1030327.380952381  │   37109344    │  539380   │    1    │   68.8   │        68.8        │          0.02           │       0.02        │
│   81    │  'SFTL'   │     'it'      │ 'BBG0136BTL03' │  2194414  │  107366  │ 544542.1904761905  │  37645310.8   │  307058   │    1    │  122.6   │       122.6        │           0.1           │        0.1        │
│   82    │  'RSTIP'  │  'utilities'  │ 'BBG000KTF667' │ -Infinity │ Infinity │        NaN         │       0       │     0     │  1000   │  1.123   │        1123        │            1            │       0.001       │
│   83    │  'SBERP'  │  'financial'  │ 'BBG0047315Y7' │  1090738  │   4597   │ 458345.9285714286  │ 1075724835.75 │ 457074.5  │   10    │  235.35  │       2353.5       │           0.1           │       0.01        │
│   84    │  'LENT'   │  'consumer'   │ 'BBG0063FKTD9' │  209330   │  13397   │ 53131.71428571428  │   28273154    │   36862   │    1    │   767    │        767         │           0.5           │        0.5        │
│   85    │  'GCHE'   │  'consumer'   │ 'BBG000RTHVK7' │   39143   │   2035   │ 12756.285714285714 │   26821872    │   8496    │    1    │   3157   │        3157        │           0.5           │        0.5        │
│   86    │  'AQUA'   │  'consumer'   │ 'BBG000W325F7' │  825315   │  28069   │ 186446.7619047619  │   65264012    │  108053   │    1    │   604    │        604         │           0.5           │        0.5        │
│   87    │  'BLNG'   │  'materials'  │ 'BBG000VQWH86' │  571739   │   4572   │ 87474.80952380953  │   83983572    │   30248   │   100   │  27.765  │       2776.5       │           0.5           │       0.005       │
│   88    │  'MSNG'   │  'utilities'  │ 'BBG004S687W8' │  751917   │  14432   │ 87604.61904761905  │   89145652    │   37036   │  1000   │  2.407   │        2407        │           0.5           │      0.0005       │
│   89    │  'TATNP'  │   'energy'    │ 'BBG004S68829' │  1131621  │   1900   │ 377697.6785714286  │  179323641.5  │  437695   │    1    │  409.7   │       409.7        │           0.1           │        0.1        │
│   90    │  'SNGS'   │   'energy'    │ 'BBG0047315D0' │  1094959  │   344    │ 293132.46428571426 │   629140200   │  246480   │   100   │  25.525  │       2552.5       │           0.5           │       0.005       │
│   91    │  'TGKA'   │  'utilities'  │ 'BBG000QFH687' │  342926   │  18158   │ 121541.14285714286 │  80736449.2   │   86963   │ 100000  │ 0.009284 │ 928.4000000000001  │   0.19999999999999998   │     0.000002      │
│   92    │  'VKCO'   │     'it'      │ 'BBG00178PGX3' │  1690649  │   9411   │ 550595.6071428572  │  235919252.7  │ 493348.5  │    1    │  478.2   │       478.2        │           0.2           │        0.2        │
│   93    │  'RNFT'   │   'energy'    │ 'BBG00F9XX7H4' │ 48167014  │  25179   │ 7707258.714285715  │ 315303891.95  │ 2253780.5 │    1    │  139.9   │       139.9        │           0.2           │        0.2        │
│   94    │  'AKRN'   │  'materials'  │ 'BBG004S688G4' │   59084   │    22    │ 5559.107142857143  │   52720494    │  2730.5   │    1    │  19308   │       19308        │            2            │         2         │
│   95    │  'AGRO'   │  'consumer'   │ 'BBG007N0Z367' │  469153   │   1547   │       118318       │  68638085.6   │  86315.5  │    1    │  795.2   │       795.2        │           0.2           │        0.2        │
│   96    │  'KMAZ'   │ 'industrials' │ 'BBG000LNHHJ9' │  5103451  │   512    │ 402004.64285714284 │   151498000   │   89750   │   10    │  168.8   │        1688        │            1            │        0.1        │
│   97    │  'CIAN'   │     'it'      │ 'BBG012YQ6P43' │  788057   │  34440   │ 137974.66666666666 │  40693687.2   │   79542   │    1    │  511.6   │       511.6        │           0.2           │        0.2        │
│   98    │  'OGKB'   │  'utilities'  │ 'BBG000RK52V1' │  1000942  │  79142   │ 205074.90476190476 │   117601848   │  167524   │  1000   │  0.702   │        702         │           0.1           │      0.0001       │
│   99    │  'RSTI'   │  'utilities'  │ 'BBG004S682J4' │ -Infinity │ Infinity │        NaN         │       0       │     0     │  1000   │  0.5588  │       558.8        │           0.1           │      0.0001       │
│   100   │  'TATN'   │   'energy'    │ 'BBG004RVFFC0' │  5080691  │   9855   │ 1873130.0357142857 │   888778268   │  2173052  │    1    │   409    │        409         │           0.1           │        0.1        │
│   101   │  'PMSBP'  │  'utilities'  │ 'BBG000MZL2S9' │   72106   │   1245   │ 10322.952380952382 │    4598988    │   2631    │   10    │  174.8   │        1748        │            2            │        0.2        │
│   102   │  'RTKM'   │   'telecom'   │ 'BBG004S682Z6' │  301003   │   495    │ 121693.17857142857 │  84395903.1   │ 132406.5  │   10    │  63.74   │       637.4        │           0.1           │       0.01        │
│   103   │  'VSMO'   │  'materials'  │ 'BBG004S68CV8' │   61303   │   203    │ 5644.476190476191  │   44360640    │    844    │    1    │  52560   │       52560        │           20            │        20         │
│   104   │  'MVID'   │  'consumer'   │ 'BBG004S68CP5' │  1650157  │   3329   │ 500393.64285714284 │  73514947.8   │  357042   │    1    │  205.9   │       205.9        │           0.1           │        0.1        │
│   105   │  'ROLO'   │  'materials'  │ 'BBG004Z2RGW8' │  466342   │  27445   │ 94489.66666666667  │  5332361.95   │   67541   │   100   │  0.7895  │       78.95        │           0.5           │       0.005       │
│   106   │  'PIKK'   │ 'real_estate' │ 'BBG004S68BH6' │  572406   │   2239   │ 168334.57142857142 │   101641998   │ 146881.5  │    1    │   692    │        692         │           0.1           │        0.1        │
│   107   │  'NLMK'   │  'materials'  │ 'BBG004S681B4' │  1535715  │   1521   │ 403031.28571428574 │   427584192   │  309440   │   10    │  138.18  │ 1381.8000000000002 │           0.2           │       0.02        │
│   108   │  'TGKN'   │  'utilities'  │ 'BBG000RG4ZQ4' │  103495   │   1235   │       14386        │   19857960    │   4086    │ 1000000 │ 0.00486  │        4860        │           10            │      0.00001      │
│   109   │  'TRNFP'  │   'energy'    │ 'BBG00475KHX6' │   25169   │    18    │ 4034.6785714285716 │   323894025   │  2636.5   │    1    │  122850  │       122850       │           50            │        50         │
│   110   │  'MTSS'   │   'telecom'   │ 'BBG004S681W1' │  493499   │   753    │ 174327.7142857143  │   527772930   │  196710   │   10    │  268.3   │        2683        │           0.5           │       0.05        │
│   111   │  'KROT'   │  'consumer'   │ 'BBG000NLB2G3' │   38221   │   280    │ 5459.142857142857  │   34428810    │   1677    │   10    │   2053   │       20530        │            5            │        0.5        │
│   112   │  'LSRG'   │ 'real_estate' │ 'BBG004S68C39' │  971151   │  20165   │ 141959.90476190476 │  30744469.2   │   54686   │    1    │  562.2   │       562.2        │           0.2           │        0.2        │
│   113   │  'YAKG'   │   'energy'    │ 'BBG002B298N6' │   25567   │   2344   │ 8057.619047619048  │    5416948    │   4306    │   10    │  125.8   │        1258        │           0.5           │       0.05        │
│   114   │  'SNGSP'  │   'energy'    │ 'BBG004S681M2' │  877600   │   383    │ 191289.82142857142 │  525285337.5  │ 147262.5  │   100   │  35.67   │        3567        │           0.5           │       0.005       │
│   115   │  'NMTP'   │ 'industrials' │ 'BBG004S68BR5' │  3408913  │  45283   │ 376981.90476190473 │   117648534   │  159092   │   100   │  7.395   │       739.5        │           0.5           │       0.005       │
│   116   │  'MAGN'   │  'materials'  │ 'BBG004S68507' │  5148333  │   5842   │ 1699544.0714285714 │ 695435126.45  │  1704289  │   10    │  40.805  │       408.05       │          0.05           │       0.005       │
│   117   │  'LSNGP'  │  'utilities'  │ 'BBG000NLCCM3' │  148876   │  10865   │ 34748.76190476191  │   32894168    │   21698   │   10    │  151.6   │        1516        │           0.5           │       0.05        │
│   118   │  'LNZLP'  │  'materials'  │ 'BBG000SR0YS4' │  432598   │   4847   │ 60315.333333333336 │   104049330   │   30513   │    1    │   3410   │        3410        │            5            │         5         │
│   119   │  'SIBN'   │   'energy'    │ 'BBG004S684M6' │  1388445  │   1775   │       360904       │  197874861.5  │  390671   │    1    │  506.5   │       506.5        │          0.05           │       0.05        │
│   120   │  'NKNCP'  │  'materials'  │ 'BBG000GQSVC2' │  138968   │  15314   │ 48797.71428571428  │  33336104.6   │   35039   │   10    │  95.14   │       951.4        │           0.2           │       0.02        │
│   121   │  'DVEC'   │  'utilities'  │ 'BBG000V07CB8' │  249382   │   1681   │ 26296.85714285714  │   21320220    │   12253   │  1000   │   1.74   │        1740        │            1            │       0.001       │
│   122   │  'NSVZ'   │   'telecom'   │ 'BBG002BCQK67' │   99230   │   1523   │ 20588.095238095237 │   21125300    │   7210    │   10    │   293    │        2930        │            5            │        0.5        │
│   123   │  'RENI'   │  'financial'  │ 'BBG00QKJSX05' │  565351   │  25269   │ 135790.61904761905 │  58635755.6   │   88654   │   10    │  66.14   │       661.4        │           0.1           │       0.01        │
│   124   │  'TGKBP'  │  'utilities'  │ 'BBG000Q7GJ60' │   34836   │   889    │ 8145.666666666667  │    3985200    │   3600    │ 100000  │ 0.01107  │        1107        │            1            │      0.00001      │
│   125   │  'NVTK'   │   'energy'    │ 'BBG00475KKY8' │  2430271  │   5488   │       957873       │  1450914873   │ 1106217.5 │    1    │  1311.6  │       1311.6       │           0.2           │        0.2        │
│   126   │  'TGKD'   │  'utilities'  │ 'BBG000F6H7K3' │ -Infinity │ Infinity │        NaN         │       0       │     0     │ 100000  │ 0.012945 │       1294.5       │           0.5           │     0.000005      │
│   127   │  'MTLR'   │  'materials'  │ 'BBG004S68598' │ 40727914  │  19945   │ 8559713.964285715  │ 1331470313.1  │  6764570  │    1    │  196.83  │       196.83       │          0.01           │       0.01        │
│   128   │  'RKKE'   │ 'industrials' │ 'BBG000LWNRP3' │   58320   │   354    │ 6955.0952380952385 │   23408350    │   1423    │    1    │  16450   │       16450        │           10            │        10         │
│   129   │  'MRKS'   │  'utilities'  │ 'BBG000VJMH65' │   43171   │   805    │ 4097.619047619048  │    6891780    │   1883    │  10000  │  0.366   │        3660        │            5            │      0.0005       │
│   130   │  'ORUP'   │  'consumer'   │ 'BBG001BBGNS2' │  8048104  │  139988  │ 1413133.5714285714 │   42327400    │  423274   │   10    │    10    │        100         │           0.2           │       0.02        │
│   131   │  'PMSB'   │  'utilities'  │ 'BBG000MZL0Y6' │   58484   │   1653   │ 11629.42857142857  │   11159680    │   6580    │   10    │  169.6   │        1696        │            1            │        0.1        │
│   132   │  'FESH'   │ 'industrials' │ 'BBG000QF1Q17' │  1277421  │   135    │ 102457.07142857143 │   109287012   │   21954   │   100   │  49.78   │        4978        │            1            │       0.01        │
│   133   │  'POLY'   │  'materials'  │ 'BBG004PYF2N3' │  6953767  │  22246   │ 1552816.142857143  │ 872160984.15  │ 1303873.5 │    1    │  668.9   │       668.9        │           0.1           │        0.1        │
│   134   │  'CBOM'   │  'financial'  │ 'BBG009GSYN76' │  1516155  │   300    │ 469611.21428571426 │   300491312   │  434236   │   100   │   6.92   │        692         │           0.1           │       0.001       │
│   135   │  'MSTT'   │ 'industrials' │ 'BBG004S68DD6' │  735964   │   2690   │ 84270.80952380953  │  66754720.5   │   25779   │   10    │  258.95  │       2589.5       │           0.5           │       0.05        │
│   136   │  'DASB'   │  'utilities'  │ 'BBG000LWVHN8' │ -Infinity │ Infinity │        NaN         │       0       │     0     │  1000   │  0.0869  │        86.9        │           0.1           │      0.0001       │
│   137   │  'MRKC'   │  'utilities'  │ 'BBG000VH7TZ8' │  4397515  │  36614   │ 637927.1904761905  │  86838585.6   │  244478   │  1000   │  0.3552  │       355.2        │           0.2           │      0.0002       │
│   138   │  'IRAO'   │  'utilities'  │ 'BBG004S68473' │  2087283  │  13001   │ 629024.9642857143  │ 265783788.45  │ 663961.5  │   100   │  4.003   │       400.3        │          0.05           │      0.0005       │
│   139   │  'CNTL'   │   'telecom'   │ 'BBG000BBV4M5' │  533855   │   2094   │ 45419.04761904762  │   18077740    │   10735   │   100   │  16.84   │        1684        │            2            │       0.02        │
│   140   │  'KAZT'   │  'materials'  │ 'BBG002B9MYC1' │   26516   │   773    │ 5020.0952380952385 │   19855152    │   2952    │   10    │  672.6   │        6726        │            2            │        0.2        │
│   141   │  'AFLT'   │  'consumer'   │ 'BBG004S683W7' │  9375609  │  14374   │ 2509617.535714286  │  590488007.5  │ 1527387.5 │   10    │  38.66   │ 386.59999999999997 │           0.2           │       0.02        │
│   142   │  'ABRD'   │  'consumer'   │ 'BBG002W2FT69' │  475753   │  14125   │ 107906.19047619047 │   130811200   │   50312   │   10    │   260    │        2600        │            5            │        0.5        │
└─────────┴───────────┴───────────────┴────────────────┴───────────┴──────────┴────────────────────┴───────────────┴───────────┴─────────┴──────────┴────────────────────┴─────────────────────────┴───────────────────┘



