┌────────┬───────────┬──────────────┬───────────────┬─────────┬────────┬─────────────┐
│ ticker ┆ sector    ┆ t            ┆ median volume ┆ lot     ┆ price  ┆ minPriceInc │
│ ---    ┆ ---       ┆ ---          ┆ ---           ┆ ---     ┆ ---    ┆ ---         │
│ str    ┆ str       ┆ f64          ┆ f64           ┆ f64     ┆ f64    ┆ f64         │
╞════════╪═══════════╪══════════════╪═══════════════╪═════════╪════════╪═════════════╡
│ SBER   ┆ financial ┆ 8.7740e9     ┆ 5.023484e6    ┆ 10.0    ┆ 1746.6 ┆ 0.1         │
├╌╌╌╌╌╌╌╌┼╌╌╌╌╌╌╌╌╌╌╌┼╌╌╌╌╌╌╌╌╌╌╌╌╌╌┼╌╌╌╌╌╌╌╌╌╌╌╌╌╌╌┼╌╌╌╌╌╌╌╌╌┼╌╌╌╌╌╌╌╌┼╌╌╌╌╌╌╌╌╌╌╌╌╌┤
│ MOEX   ┆ financial ┆ 9.07815535e8 ┆ 819550.0      ┆ 10.0    ┆ 1107.7 ┆ 0.1         │
├╌╌╌╌╌╌╌╌┼╌╌╌╌╌╌╌╌╌╌╌┼╌╌╌╌╌╌╌╌╌╌╌╌╌╌┼╌╌╌╌╌╌╌╌╌╌╌╌╌╌╌┼╌╌╌╌╌╌╌╌╌┼╌╌╌╌╌╌╌╌┼╌╌╌╌╌╌╌╌╌╌╌╌╌┤
│ SBERP  ┆ financial ┆ 6.6919e8     ┆ 387462.0      ┆ 10.0    ┆ 1727.1 ┆ 0.1         │
├╌╌╌╌╌╌╌╌┼╌╌╌╌╌╌╌╌╌╌╌┼╌╌╌╌╌╌╌╌╌╌╌╌╌╌┼╌╌╌╌╌╌╌╌╌╌╌╌╌╌╌┼╌╌╌╌╌╌╌╌╌┼╌╌╌╌╌╌╌╌┼╌╌╌╌╌╌╌╌╌╌╌╌╌┤
│ VTBR   ┆ financial ┆ 3.6620e8     ┆ 2.226831e6    ┆ 10000.0 ┆ 164.45 ┆ 0.05        │
├╌╌╌╌╌╌╌╌┼╌╌╌╌╌╌╌╌╌╌╌┼╌╌╌╌╌╌╌╌╌╌╌╌╌╌┼╌╌╌╌╌╌╌╌╌╌╌╌╌╌╌┼╌╌╌╌╌╌╌╌╌┼╌╌╌╌╌╌╌╌┼╌╌╌╌╌╌╌╌╌╌╌╌╌┤
│ TCSG   ┆ financial ┆ 3.2387e8     ┆ 130564.5      ┆ 1.0     ┆ 2480.5 ┆ 0.5         │
├╌╌╌╌╌╌╌╌┼╌╌╌╌╌╌╌╌╌╌╌┼╌╌╌╌╌╌╌╌╌╌╌╌╌╌┼╌╌╌╌╌╌╌╌╌╌╌╌╌╌╌┼╌╌╌╌╌╌╌╌╌┼╌╌╌╌╌╌╌╌┼╌╌╌╌╌╌╌╌╌╌╌╌╌┤
│ CBOM   ┆ financial ┆ 3.00208284e8 ┆ 438901.0      ┆ 100.0   ┆ 684.0  ┆ 0.1         │
├╌╌╌╌╌╌╌╌┼╌╌╌╌╌╌╌╌╌╌╌┼╌╌╌╌╌╌╌╌╌╌╌╌╌╌┼╌╌╌╌╌╌╌╌╌╌╌╌╌╌╌┼╌╌╌╌╌╌╌╌╌┼╌╌╌╌╌╌╌╌┼╌╌╌╌╌╌╌╌╌╌╌╌╌┤
│ AFKS   ┆ financial ┆ 1.31815224e8 ┆ 100316.0      ┆ 100.0   ┆ 1314.0 ┆ 0.1         │
├╌╌╌╌╌╌╌╌┼╌╌╌╌╌╌╌╌╌╌╌┼╌╌╌╌╌╌╌╌╌╌╌╌╌╌┼╌╌╌╌╌╌╌╌╌╌╌╌╌╌╌┼╌╌╌╌╌╌╌╌╌┼╌╌╌╌╌╌╌╌┼╌╌╌╌╌╌╌╌╌╌╌╌╌┤
│ BSPB   ┆ financial ┆ 1.0707e8     ┆ 86079.0       ┆ 10.0    ┆ 1243.9 ┆ 0.1         │
├╌╌╌╌╌╌╌╌┼╌╌╌╌╌╌╌╌╌╌╌┼╌╌╌╌╌╌╌╌╌╌╌╌╌╌┼╌╌╌╌╌╌╌╌╌╌╌╌╌╌╌┼╌╌╌╌╌╌╌╌╌┼╌╌╌╌╌╌╌╌┼╌╌╌╌╌╌╌╌╌╌╌╌╌┤
│ SFIN   ┆ financial ┆ 5.854542e6   ┆ 1163.0        ┆ 10.0    ┆ 5034.0 ┆ 2.0         │
├╌╌╌╌╌╌╌╌┼╌╌╌╌╌╌╌╌╌╌╌┼╌╌╌╌╌╌╌╌╌╌╌╌╌╌┼╌╌╌╌╌╌╌╌╌╌╌╌╌╌╌┼╌╌╌╌╌╌╌╌╌┼╌╌╌╌╌╌╌╌┼╌╌╌╌╌╌╌╌╌╌╌╌╌┤
│ RENI   ┆ financial ┆ 3696752.1    ┆ 6899.5        ┆ 10.0    ┆ 535.8  ┆ 0.1         │
└────────┴───────────┴──────────────┴───────────────┴─────────┴────────┴─────────────┘
shape: (15, 7)
┌────────┬────────┬──────────────┬───────────────┬───────┬─────────┬─────────────┐
│ ticker ┆ sector ┆ t            ┆ median volume ┆ lot   ┆ price   ┆ minPriceInc │
│ ---    ┆ ---    ┆ ---          ┆ ---           ┆ ---   ┆ ---     ┆ ---         │
│ str    ┆ str    ┆ f64          ┆ f64           ┆ f64   ┆ f64     ┆ f64         │
╞════════╪════════╪══════════════╪═══════════════╪═══════╪═════════╪═════════════╡
│ GAZP   ┆ energy ┆ 2.2257e9     ┆ 1.394955e6    ┆ 10.0  ┆ 1595.5  ┆ 0.1         │
├╌╌╌╌╌╌╌╌┼╌╌╌╌╌╌╌╌┼╌╌╌╌╌╌╌╌╌╌╌╌╌╌┼╌╌╌╌╌╌╌╌╌╌╌╌╌╌╌┼╌╌╌╌╌╌╌┼╌╌╌╌╌╌╌╌╌┼╌╌╌╌╌╌╌╌╌╌╌╌╌┤
│ LKOH   ┆ energy ┆ 1.4826e9     ┆ 368712.0      ┆ 1.0   ┆ 4021.0  ┆ 0.5         │
├╌╌╌╌╌╌╌╌┼╌╌╌╌╌╌╌╌┼╌╌╌╌╌╌╌╌╌╌╌╌╌╌┼╌╌╌╌╌╌╌╌╌╌╌╌╌╌╌┼╌╌╌╌╌╌╌┼╌╌╌╌╌╌╌╌╌┼╌╌╌╌╌╌╌╌╌╌╌╌╌┤
│ TATN   ┆ energy ┆ 6.9813e8     ┆ 2.072847e6    ┆ 1.0   ┆ 336.8   ┆ 0.1         │
├╌╌╌╌╌╌╌╌┼╌╌╌╌╌╌╌╌┼╌╌╌╌╌╌╌╌╌╌╌╌╌╌┼╌╌╌╌╌╌╌╌╌╌╌╌╌╌╌┼╌╌╌╌╌╌╌┼╌╌╌╌╌╌╌╌╌┼╌╌╌╌╌╌╌╌╌╌╌╌╌┤
│ NVTK   ┆ energy ┆ 6.7615e8     ┆ 644937.0      ┆ 1.0   ┆ 1048.4  ┆ 0.2         │
├╌╌╌╌╌╌╌╌┼╌╌╌╌╌╌╌╌┼╌╌╌╌╌╌╌╌╌╌╌╌╌╌┼╌╌╌╌╌╌╌╌╌╌╌╌╌╌╌┼╌╌╌╌╌╌╌┼╌╌╌╌╌╌╌╌╌┼╌╌╌╌╌╌╌╌╌╌╌╌╌┤
│ ROSN   ┆ energy ┆ 5.8406e8     ┆ 1.638082e6    ┆ 1.0   ┆ 356.55  ┆ 0.05        │
├╌╌╌╌╌╌╌╌┼╌╌╌╌╌╌╌╌┼╌╌╌╌╌╌╌╌╌╌╌╌╌╌┼╌╌╌╌╌╌╌╌╌╌╌╌╌╌╌┼╌╌╌╌╌╌╌┼╌╌╌╌╌╌╌╌╌┼╌╌╌╌╌╌╌╌╌╌╌╌╌┤
│ SNGS   ┆ energy ┆ 2.18210223e8 ┆ 98693.0       ┆ 100.0 ┆ 2211.0  ┆ 0.5         │
├╌╌╌╌╌╌╌╌┼╌╌╌╌╌╌╌╌┼╌╌╌╌╌╌╌╌╌╌╌╌╌╌┼╌╌╌╌╌╌╌╌╌╌╌╌╌╌╌┼╌╌╌╌╌╌╌┼╌╌╌╌╌╌╌╌╌┼╌╌╌╌╌╌╌╌╌╌╌╌╌┤
│ SIBN   ┆ energy ┆ 1.8148e8     ┆ 415439.0      ┆ 1.0   ┆ 436.85  ┆ 0.05        │
├╌╌╌╌╌╌╌╌┼╌╌╌╌╌╌╌╌┼╌╌╌╌╌╌╌╌╌╌╌╌╌╌┼╌╌╌╌╌╌╌╌╌╌╌╌╌╌╌┼╌╌╌╌╌╌╌┼╌╌╌╌╌╌╌╌╌┼╌╌╌╌╌╌╌╌╌╌╌╌╌┤
│ SNGSP  ┆ energy ┆ 1.1460e8     ┆ 41111.0       ┆ 100.0 ┆ 2787.5  ┆ 0.5         │
├╌╌╌╌╌╌╌╌┼╌╌╌╌╌╌╌╌┼╌╌╌╌╌╌╌╌╌╌╌╌╌╌┼╌╌╌╌╌╌╌╌╌╌╌╌╌╌╌┼╌╌╌╌╌╌╌┼╌╌╌╌╌╌╌╌╌┼╌╌╌╌╌╌╌╌╌╌╌╌╌┤
│ TATNP  ┆ energy ┆ 7.9569e7     ┆ 238589.0      ┆ 1.0   ┆ 333.5   ┆ 0.1         │
├╌╌╌╌╌╌╌╌┼╌╌╌╌╌╌╌╌┼╌╌╌╌╌╌╌╌╌╌╌╌╌╌┼╌╌╌╌╌╌╌╌╌╌╌╌╌╌╌┼╌╌╌╌╌╌╌┼╌╌╌╌╌╌╌╌╌┼╌╌╌╌╌╌╌╌╌╌╌╌╌┤
│ TRNFP  ┆ energy ┆ 7.69637e7    ┆ 814.0         ┆ 1.0   ┆ 94550.0 ┆ 50.0        │
├╌╌╌╌╌╌╌╌┼╌╌╌╌╌╌╌╌┼╌╌╌╌╌╌╌╌╌╌╌╌╌╌┼╌╌╌╌╌╌╌╌╌╌╌╌╌╌╌┼╌╌╌╌╌╌╌┼╌╌╌╌╌╌╌╌╌┼╌╌╌╌╌╌╌╌╌╌╌╌╌┤
│ BANEP  ┆ energy ┆ 6.7731e7     ┆ 78076.5       ┆ 1.0   ┆ 867.5   ┆ 0.5         │
├╌╌╌╌╌╌╌╌┼╌╌╌╌╌╌╌╌┼╌╌╌╌╌╌╌╌╌╌╌╌╌╌┼╌╌╌╌╌╌╌╌╌╌╌╌╌╌╌┼╌╌╌╌╌╌╌┼╌╌╌╌╌╌╌╌╌┼╌╌╌╌╌╌╌╌╌╌╌╌╌┤
│ RNFT   ┆ energy ┆ 4.4196e7     ┆ 449142.0      ┆ 1.0   ┆ 98.4    ┆ 0.2         │
├╌╌╌╌╌╌╌╌┼╌╌╌╌╌╌╌╌┼╌╌╌╌╌╌╌╌╌╌╌╌╌╌┼╌╌╌╌╌╌╌╌╌╌╌╌╌╌╌┼╌╌╌╌╌╌╌┼╌╌╌╌╌╌╌╌╌┼╌╌╌╌╌╌╌╌╌╌╌╌╌┤
│ BANE   ┆ energy ┆ 1.7568e7     ┆ 16683.5       ┆ 1.0   ┆ 1053.0  ┆ 0.5         │
├╌╌╌╌╌╌╌╌┼╌╌╌╌╌╌╌╌┼╌╌╌╌╌╌╌╌╌╌╌╌╌╌┼╌╌╌╌╌╌╌╌╌╌╌╌╌╌╌┼╌╌╌╌╌╌╌┼╌╌╌╌╌╌╌╌╌┼╌╌╌╌╌╌╌╌╌╌╌╌╌┤
│ KRKNP  ┆ energy ┆ 1.326696e7   ┆ 1043.0        ┆ 1.0   ┆ 12720.0 ┆ 20.0        │
├╌╌╌╌╌╌╌╌┼╌╌╌╌╌╌╌╌┼╌╌╌╌╌╌╌╌╌╌╌╌╌╌┼╌╌╌╌╌╌╌╌╌╌╌╌╌╌╌┼╌╌╌╌╌╌╌┼╌╌╌╌╌╌╌╌╌┼╌╌╌╌╌╌╌╌╌╌╌╌╌┤
│ YAKG   ┆ energy ┆ 5.830335e6   ┆ 5017.5        ┆ 10.0  ┆ 1162.0  ┆ 0.5         │
└────────┴────────┴──────────────┴───────────────┴───────┴─────────┴─────────────┘
shape: (31, 7)
┌────────┬───────────┬──────────────┬───────────────┬───────┬─────────┬─────────────┐
│ ticker ┆ sector    ┆ t            ┆ median volume ┆ lot   ┆ price   ┆ minPriceInc │
│ ---    ┆ ---       ┆ ---          ┆ ---           ┆ ---   ┆ ---     ┆ ---         │
│ str    ┆ str       ┆ f64          ┆ f64           ┆ f64   ┆ f64     ┆ f64         │
╞════════╪═══════════╪══════════════╪═══════════════╪═══════╪═════════╪═════════════╡
│ PLZL   ┆ materials ┆ 1.2874e9     ┆ 138653.0      ┆ 1.0   ┆ 9285.0  ┆ 0.5         │
├╌╌╌╌╌╌╌╌┼╌╌╌╌╌╌╌╌╌╌╌┼╌╌╌╌╌╌╌╌╌╌╌╌╌╌┼╌╌╌╌╌╌╌╌╌╌╌╌╌╌╌┼╌╌╌╌╌╌╌┼╌╌╌╌╌╌╌╌╌┼╌╌╌╌╌╌╌╌╌╌╌╌╌┤
│ GMKN   ┆ materials ┆ 5.8754916e8  ┆ 40689.0       ┆ 1.0   ┆ 14440.0 ┆ 2.0         │
├╌╌╌╌╌╌╌╌┼╌╌╌╌╌╌╌╌╌╌╌┼╌╌╌╌╌╌╌╌╌╌╌╌╌╌┼╌╌╌╌╌╌╌╌╌╌╌╌╌╌╌┼╌╌╌╌╌╌╌┼╌╌╌╌╌╌╌╌╌┼╌╌╌╌╌╌╌╌╌╌╌╌╌┤
│ POLY   ┆ materials ┆ 5.46143077e8 ┆ 1.00783e6     ┆ 1.0   ┆ 541.9   ┆ 0.1         │
├╌╌╌╌╌╌╌╌┼╌╌╌╌╌╌╌╌╌╌╌┼╌╌╌╌╌╌╌╌╌╌╌╌╌╌┼╌╌╌╌╌╌╌╌╌╌╌╌╌╌╌┼╌╌╌╌╌╌╌┼╌╌╌╌╌╌╌╌╌┼╌╌╌╌╌╌╌╌╌╌╌╌╌┤
│ MAGN   ┆ materials ┆ 5.0537e8     ┆ 1.243215e6    ┆ 10.0  ┆ 406.5   ┆ 0.05        │
├╌╌╌╌╌╌╌╌┼╌╌╌╌╌╌╌╌╌╌╌┼╌╌╌╌╌╌╌╌╌╌╌╌╌╌┼╌╌╌╌╌╌╌╌╌╌╌╌╌╌╌┼╌╌╌╌╌╌╌┼╌╌╌╌╌╌╌╌╌┼╌╌╌╌╌╌╌╌╌╌╌╌╌┤
│ PHOR   ┆ materials ┆ 4.59175062e8 ┆ 64509.0       ┆ 1.0   ┆ 7118.0  ┆ 1.0         │
├╌╌╌╌╌╌╌╌┼╌╌╌╌╌╌╌╌╌╌╌┼╌╌╌╌╌╌╌╌╌╌╌╌╌╌┼╌╌╌╌╌╌╌╌╌╌╌╌╌╌╌┼╌╌╌╌╌╌╌┼╌╌╌╌╌╌╌╌╌┼╌╌╌╌╌╌╌╌╌╌╌╌╌┤
│ CHMF   ┆ materials ┆ 4.4425e8     ┆ 437853.0      ┆ 1.0   ┆ 1014.6  ┆ 0.2         │
├╌╌╌╌╌╌╌╌┼╌╌╌╌╌╌╌╌╌╌╌┼╌╌╌╌╌╌╌╌╌╌╌╌╌╌┼╌╌╌╌╌╌╌╌╌╌╌╌╌╌╌┼╌╌╌╌╌╌╌┼╌╌╌╌╌╌╌╌╌┼╌╌╌╌╌╌╌╌╌╌╌╌╌┤
│ NLMK   ┆ materials ┆ 3.2799e8     ┆ 266054.0      ┆ 10.0  ┆ 1232.8  ┆ 0.2         │
├╌╌╌╌╌╌╌╌┼╌╌╌╌╌╌╌╌╌╌╌┼╌╌╌╌╌╌╌╌╌╌╌╌╌╌┼╌╌╌╌╌╌╌╌╌╌╌╌╌╌╌┼╌╌╌╌╌╌╌┼╌╌╌╌╌╌╌╌╌┼╌╌╌╌╌╌╌╌╌╌╌╌╌┤
│ ALRS   ┆ materials ┆ 3.1663e8     ┆ 523014.0      ┆ 10.0  ┆ 605.4   ┆ 0.1         │
├╌╌╌╌╌╌╌╌┼╌╌╌╌╌╌╌╌╌╌╌┼╌╌╌╌╌╌╌╌╌╌╌╌╌╌┼╌╌╌╌╌╌╌╌╌╌╌╌╌╌╌┼╌╌╌╌╌╌╌┼╌╌╌╌╌╌╌╌╌┼╌╌╌╌╌╌╌╌╌╌╌╌╌┤
│ MTLR   ┆ materials ┆ 2.7207e8     ┆ 2.008661e6    ┆ 1.0   ┆ 135.45  ┆ 0.01        │
├╌╌╌╌╌╌╌╌┼╌╌╌╌╌╌╌╌╌╌╌┼╌╌╌╌╌╌╌╌╌╌╌╌╌╌┼╌╌╌╌╌╌╌╌╌╌╌╌╌╌╌┼╌╌╌╌╌╌╌┼╌╌╌╌╌╌╌╌╌┼╌╌╌╌╌╌╌╌╌╌╌╌╌┤
│ BLNG   ┆ materials ┆ 2.43978588e8 ┆ 112329.0      ┆ 100.0 ┆ 2172.0  ┆ 0.5         │
├╌╌╌╌╌╌╌╌┼╌╌╌╌╌╌╌╌╌╌╌┼╌╌╌╌╌╌╌╌╌╌╌╌╌╌┼╌╌╌╌╌╌╌╌╌╌╌╌╌╌╌┼╌╌╌╌╌╌╌┼╌╌╌╌╌╌╌╌╌┼╌╌╌╌╌╌╌╌╌╌╌╌╌┤
│ RASP   ┆ materials ┆ 1.80810048e8 ┆ 68736.0       ┆ 10.0  ┆ 2630.5  ┆ 0.5         │
├╌╌╌╌╌╌╌╌┼╌╌╌╌╌╌╌╌╌╌╌┼╌╌╌╌╌╌╌╌╌╌╌╌╌╌┼╌╌╌╌╌╌╌╌╌╌╌╌╌╌╌┼╌╌╌╌╌╌╌┼╌╌╌╌╌╌╌╌╌┼╌╌╌╌╌╌╌╌╌╌╌╌╌┤
│ RUAL   ┆ materials ┆ 1.5982e8     ┆ 398664.0      ┆ 10.0  ┆ 400.9   ┆ 0.05        │
├╌╌╌╌╌╌╌╌┼╌╌╌╌╌╌╌╌╌╌╌┼╌╌╌╌╌╌╌╌╌╌╌╌╌╌┼╌╌╌╌╌╌╌╌╌╌╌╌╌╌╌┼╌╌╌╌╌╌╌┼╌╌╌╌╌╌╌╌╌┼╌╌╌╌╌╌╌╌╌╌╌╌╌┤
│ LNZLP  ┆ materials ┆ 1.4039073e8  ┆ 49002.0       ┆ 1.0   ┆ 2865.0  ┆ 5.0         │
├╌╌╌╌╌╌╌╌┼╌╌╌╌╌╌╌╌╌╌╌┼╌╌╌╌╌╌╌╌╌╌╌╌╌╌┼╌╌╌╌╌╌╌╌╌╌╌╌╌╌╌┼╌╌╌╌╌╌╌┼╌╌╌╌╌╌╌╌╌┼╌╌╌╌╌╌╌╌╌╌╌╌╌┤
│ AMEZ   ┆ materials ┆ 8.251845e7   ┆ 16023.0       ┆ 100.0 ┆ 5150.0  ┆ 0.5         │
├╌╌╌╌╌╌╌╌┼╌╌╌╌╌╌╌╌╌╌╌┼╌╌╌╌╌╌╌╌╌╌╌╌╌╌┼╌╌╌╌╌╌╌╌╌╌╌╌╌╌╌┼╌╌╌╌╌╌╌┼╌╌╌╌╌╌╌╌╌┼╌╌╌╌╌╌╌╌╌╌╌╌╌┤
│ SGZH   ┆ materials ┆ 7.3399293e7  ┆ 143330.0      ┆ 100.0 ┆ 512.1   ┆ 0.1         │
├╌╌╌╌╌╌╌╌┼╌╌╌╌╌╌╌╌╌╌╌┼╌╌╌╌╌╌╌╌╌╌╌╌╌╌┼╌╌╌╌╌╌╌╌╌╌╌╌╌╌╌┼╌╌╌╌╌╌╌┼╌╌╌╌╌╌╌╌╌┼╌╌╌╌╌╌╌╌╌╌╌╌╌┤
│ MTLRP  ┆ materials ┆ 6.1930284e7  ┆ 38264.0       ┆ 10.0  ┆ 1618.5  ┆ 0.5         │
├╌╌╌╌╌╌╌╌┼╌╌╌╌╌╌╌╌╌╌╌┼╌╌╌╌╌╌╌╌╌╌╌╌╌╌┼╌╌╌╌╌╌╌╌╌╌╌╌╌╌╌┼╌╌╌╌╌╌╌┼╌╌╌╌╌╌╌╌╌┼╌╌╌╌╌╌╌╌╌╌╌╌╌┤
│ ENPG   ┆ materials ┆ 4.721508e7   ┆ 119230.0      ┆ 1.0   ┆ 396.0   ┆ 0.5         │
├╌╌╌╌╌╌╌╌┼╌╌╌╌╌╌╌╌╌╌╌┼╌╌╌╌╌╌╌╌╌╌╌╌╌╌┼╌╌╌╌╌╌╌╌╌╌╌╌╌╌╌┼╌╌╌╌╌╌╌┼╌╌╌╌╌╌╌╌╌┼╌╌╌╌╌╌╌╌╌╌╌╌╌┤
│ KZOSP  ┆ materials ┆ 4.2832e7     ┆ 145934.5      ┆ 10.0  ┆ 293.5   ┆ 0.1         │
├╌╌╌╌╌╌╌╌┼╌╌╌╌╌╌╌╌╌╌╌┼╌╌╌╌╌╌╌╌╌╌╌╌╌╌┼╌╌╌╌╌╌╌╌╌╌╌╌╌╌╌┼╌╌╌╌╌╌╌┼╌╌╌╌╌╌╌╌╌┼╌╌╌╌╌╌╌╌╌╌╌╌╌┤
│ LNZL   ┆ materials ┆ 3.40873e7    ┆ 2017.0        ┆ 1.0   ┆ 16900.0 ┆ 10.0        │
├╌╌╌╌╌╌╌╌┼╌╌╌╌╌╌╌╌╌╌╌┼╌╌╌╌╌╌╌╌╌╌╌╌╌╌┼╌╌╌╌╌╌╌╌╌╌╌╌╌╌╌┼╌╌╌╌╌╌╌┼╌╌╌╌╌╌╌╌╌┼╌╌╌╌╌╌╌╌╌╌╌╌╌┤
│ PRFN   ┆ materials ┆ 3.0388e7     ┆ 83897.5       ┆ 100.0 ┆ 362.2   ┆ 0.1         │
├╌╌╌╌╌╌╌╌┼╌╌╌╌╌╌╌╌╌╌╌┼╌╌╌╌╌╌╌╌╌╌╌╌╌╌┼╌╌╌╌╌╌╌╌╌╌╌╌╌╌╌┼╌╌╌╌╌╌╌┼╌╌╌╌╌╌╌╌╌┼╌╌╌╌╌╌╌╌╌╌╌╌╌┤
│ NKNCP  ┆ materials ┆ 2.896212e7   ┆ 32615.0       ┆ 10.0  ┆ 888.0   ┆ 0.2         │
├╌╌╌╌╌╌╌╌┼╌╌╌╌╌╌╌╌╌╌╌┼╌╌╌╌╌╌╌╌╌╌╌╌╌╌┼╌╌╌╌╌╌╌╌╌╌╌╌╌╌╌┼╌╌╌╌╌╌╌┼╌╌╌╌╌╌╌╌╌┼╌╌╌╌╌╌╌╌╌╌╌╌╌┤
│ SELG   ┆ materials ┆ 2.7603162e7  ┆ 56310.0       ┆ 10.0  ┆ 490.2   ┆ 0.1         │
├╌╌╌╌╌╌╌╌┼╌╌╌╌╌╌╌╌╌╌╌┼╌╌╌╌╌╌╌╌╌╌╌╌╌╌┼╌╌╌╌╌╌╌╌╌╌╌╌╌╌╌┼╌╌╌╌╌╌╌┼╌╌╌╌╌╌╌╌╌┼╌╌╌╌╌╌╌╌╌╌╌╌╌┤
│ NKNC   ┆ materials ┆ 2.7228e7     ┆ 23523.5       ┆ 10.0  ┆ 1157.5  ┆ 0.5         │
├╌╌╌╌╌╌╌╌┼╌╌╌╌╌╌╌╌╌╌╌┼╌╌╌╌╌╌╌╌╌╌╌╌╌╌┼╌╌╌╌╌╌╌╌╌╌╌╌╌╌╌┼╌╌╌╌╌╌╌┼╌╌╌╌╌╌╌╌╌┼╌╌╌╌╌╌╌╌╌╌╌╌╌┤
│ KZOS   ┆ materials ┆ 2.5626767e7  ┆ 27061.0       ┆ 10.0  ┆ 947.0   ┆ 1.0         │
├╌╌╌╌╌╌╌╌┼╌╌╌╌╌╌╌╌╌╌╌┼╌╌╌╌╌╌╌╌╌╌╌╌╌╌┼╌╌╌╌╌╌╌╌╌╌╌╌╌╌╌┼╌╌╌╌╌╌╌┼╌╌╌╌╌╌╌╌╌┼╌╌╌╌╌╌╌╌╌╌╌╌╌┤
│ AKRN   ┆ materials ┆ 2.3754996e7  ┆ 1293.0        ┆ 1.0   ┆ 18372.0 ┆ 2.0         │
├╌╌╌╌╌╌╌╌┼╌╌╌╌╌╌╌╌╌╌╌┼╌╌╌╌╌╌╌╌╌╌╌╌╌╌┼╌╌╌╌╌╌╌╌╌╌╌╌╌╌╌┼╌╌╌╌╌╌╌┼╌╌╌╌╌╌╌╌╌┼╌╌╌╌╌╌╌╌╌╌╌╌╌┤
│ KAZT   ┆ materials ┆ 1.1957e7     ┆ 2174.0        ┆ 10.0  ┆ 5500.0  ┆ 2.0         │
├╌╌╌╌╌╌╌╌┼╌╌╌╌╌╌╌╌╌╌╌┼╌╌╌╌╌╌╌╌╌╌╌╌╌╌┼╌╌╌╌╌╌╌╌╌╌╌╌╌╌╌┼╌╌╌╌╌╌╌┼╌╌╌╌╌╌╌╌╌┼╌╌╌╌╌╌╌╌╌╌╌╌╌┤
│ VSMO   ┆ materials ┆ 1.020675e7   ┆ 219.5         ┆ 1.0   ┆ 46500.0 ┆ 20.0        │
├╌╌╌╌╌╌╌╌┼╌╌╌╌╌╌╌╌╌╌╌┼╌╌╌╌╌╌╌╌╌╌╌╌╌╌┼╌╌╌╌╌╌╌╌╌╌╌╌╌╌╌┼╌╌╌╌╌╌╌┼╌╌╌╌╌╌╌╌╌┼╌╌╌╌╌╌╌╌╌╌╌╌╌┤
│ CHMK   ┆ materials ┆ 9.096405e6   ┆ 1731.0        ┆ 1.0   ┆ 5255.0  ┆ 5.0         │
├╌╌╌╌╌╌╌╌┼╌╌╌╌╌╌╌╌╌╌╌┼╌╌╌╌╌╌╌╌╌╌╌╌╌╌┼╌╌╌╌╌╌╌╌╌╌╌╌╌╌╌┼╌╌╌╌╌╌╌┼╌╌╌╌╌╌╌╌╌┼╌╌╌╌╌╌╌╌╌╌╌╌╌┤
│ UNKL   ┆ materials ┆ 4.32135e6    ┆ 436.5         ┆ 1.0   ┆ 9900.0  ┆ 10.0        │
├╌╌╌╌╌╌╌╌┼╌╌╌╌╌╌╌╌╌╌╌┼╌╌╌╌╌╌╌╌╌╌╌╌╌╌┼╌╌╌╌╌╌╌╌╌╌╌╌╌╌╌┼╌╌╌╌╌╌╌┼╌╌╌╌╌╌╌╌╌┼╌╌╌╌╌╌╌╌╌╌╌╌╌┤
│ ROLO   ┆ materials ┆ 3872801.1    ┆ 49843.0       ┆ 100.0 ┆ 77.7    ┆ 0.5         │
├╌╌╌╌╌╌╌╌┼╌╌╌╌╌╌╌╌╌╌╌┼╌╌╌╌╌╌╌╌╌╌╌╌╌╌┼╌╌╌╌╌╌╌╌╌╌╌╌╌╌╌┼╌╌╌╌╌╌╌┼╌╌╌╌╌╌╌╌╌┼╌╌╌╌╌╌╌╌╌╌╌╌╌┤
│ KAZTP  ┆ materials ┆ 3.29206e6    ┆ 602.5         ┆ 10.0  ┆ 5464.0  ┆ 2.0         │
└────────┴───────────┴──────────────┴───────────────┴───────┴─────────┴─────────────┘
shape: (14, 7)
┌────────┬─────────────┬─────────────┬───────────────┬────────┬─────────┬─────────────┐
│ ticker ┆ sector      ┆ t           ┆ median volume ┆ lot    ┆ price   ┆ minPriceInc │
│ ---    ┆ ---         ┆ ---         ┆ ---           ┆ ---    ┆ ---     ┆ ---         │
│ str    ┆ str         ┆ f64         ┆ f64           ┆ f64    ┆ f64     ┆ f64         │
╞════════╪═════════════╪═════════════╪═══════════════╪════════╪═════════╪═════════════╡
│ FLOT   ┆ industrials ┆ 7.1824e8    ┆ 1.223785e6    ┆ 10.0   ┆ 586.9   ┆ 0.1         │
├╌╌╌╌╌╌╌╌┼╌╌╌╌╌╌╌╌╌╌╌╌╌┼╌╌╌╌╌╌╌╌╌╌╌╌╌┼╌╌╌╌╌╌╌╌╌╌╌╌╌╌╌┼╌╌╌╌╌╌╌╌┼╌╌╌╌╌╌╌╌╌┼╌╌╌╌╌╌╌╌╌╌╌╌╌┤
│ NMTP   ┆ industrials ┆ 8.3371e7    ┆ 137011.0      ┆ 100.0  ┆ 608.5   ┆ 0.5         │
├╌╌╌╌╌╌╌╌┼╌╌╌╌╌╌╌╌╌╌╌╌╌┼╌╌╌╌╌╌╌╌╌╌╌╌╌┼╌╌╌╌╌╌╌╌╌╌╌╌╌╌╌┼╌╌╌╌╌╌╌╌┼╌╌╌╌╌╌╌╌╌┼╌╌╌╌╌╌╌╌╌╌╌╌╌┤
│ MSTT   ┆ industrials ┆ 7.6983e7    ┆ 42078.5       ┆ 10.0   ┆ 1829.5  ┆ 0.5         │
├╌╌╌╌╌╌╌╌┼╌╌╌╌╌╌╌╌╌╌╌╌╌┼╌╌╌╌╌╌╌╌╌╌╌╌╌┼╌╌╌╌╌╌╌╌╌╌╌╌╌╌╌┼╌╌╌╌╌╌╌╌┼╌╌╌╌╌╌╌╌╌┼╌╌╌╌╌╌╌╌╌╌╌╌╌┤
│ UWGN   ┆ industrials ┆ 6.5088e7    ┆ 604909.0      ┆ 1.0    ┆ 107.6   ┆ 0.1         │
├╌╌╌╌╌╌╌╌┼╌╌╌╌╌╌╌╌╌╌╌╌╌┼╌╌╌╌╌╌╌╌╌╌╌╌╌┼╌╌╌╌╌╌╌╌╌╌╌╌╌╌╌┼╌╌╌╌╌╌╌╌┼╌╌╌╌╌╌╌╌╌┼╌╌╌╌╌╌╌╌╌╌╌╌╌┤
│ TRMK   ┆ industrials ┆ 5.0460e7    ┆ 55256.0       ┆ 10.0   ┆ 913.2   ┆ 0.2         │
├╌╌╌╌╌╌╌╌┼╌╌╌╌╌╌╌╌╌╌╌╌╌┼╌╌╌╌╌╌╌╌╌╌╌╌╌┼╌╌╌╌╌╌╌╌╌╌╌╌╌╌╌┼╌╌╌╌╌╌╌╌┼╌╌╌╌╌╌╌╌╌┼╌╌╌╌╌╌╌╌╌╌╌╌╌┤
│ GLTR   ┆ industrials ┆ 4.9398e7    ┆ 129194.5      ┆ 1.0    ┆ 382.35  ┆ 0.05        │
├╌╌╌╌╌╌╌╌┼╌╌╌╌╌╌╌╌╌╌╌╌╌┼╌╌╌╌╌╌╌╌╌╌╌╌╌┼╌╌╌╌╌╌╌╌╌╌╌╌╌╌╌┼╌╌╌╌╌╌╌╌┼╌╌╌╌╌╌╌╌╌┼╌╌╌╌╌╌╌╌╌╌╌╌╌┤
│ FESH   ┆ industrials ┆ 4.541791e7  ┆ 13010.0       ┆ 100.0  ┆ 3491.0  ┆ 1.0         │
├╌╌╌╌╌╌╌╌┼╌╌╌╌╌╌╌╌╌╌╌╌╌┼╌╌╌╌╌╌╌╌╌╌╌╌╌┼╌╌╌╌╌╌╌╌╌╌╌╌╌╌╌┼╌╌╌╌╌╌╌╌┼╌╌╌╌╌╌╌╌╌┼╌╌╌╌╌╌╌╌╌╌╌╌╌┤
│ IRKT   ┆ industrials ┆ 3.85032e7   ┆ 6312.0        ┆ 100.0  ┆ 6100.0  ┆ 2.0         │
├╌╌╌╌╌╌╌╌┼╌╌╌╌╌╌╌╌╌╌╌╌╌┼╌╌╌╌╌╌╌╌╌╌╌╌╌┼╌╌╌╌╌╌╌╌╌╌╌╌╌╌╌┼╌╌╌╌╌╌╌╌┼╌╌╌╌╌╌╌╌╌┼╌╌╌╌╌╌╌╌╌╌╌╌╌┤
│ KMAZ   ┆ industrials ┆ 3.2910912e7 ┆ 30249.0       ┆ 10.0   ┆ 1088.0  ┆ 1.0         │
├╌╌╌╌╌╌╌╌┼╌╌╌╌╌╌╌╌╌╌╌╌╌┼╌╌╌╌╌╌╌╌╌╌╌╌╌┼╌╌╌╌╌╌╌╌╌╌╌╌╌╌╌┼╌╌╌╌╌╌╌╌┼╌╌╌╌╌╌╌╌╌┼╌╌╌╌╌╌╌╌╌╌╌╌╌┤
│ NKHP   ┆ industrials ┆ 2.649934e7  ┆ 6937.0        ┆ 10.0   ┆ 3820.0  ┆ 5.0         │
├╌╌╌╌╌╌╌╌┼╌╌╌╌╌╌╌╌╌╌╌╌╌┼╌╌╌╌╌╌╌╌╌╌╌╌╌┼╌╌╌╌╌╌╌╌╌╌╌╌╌╌╌┼╌╌╌╌╌╌╌╌┼╌╌╌╌╌╌╌╌╌┼╌╌╌╌╌╌╌╌╌╌╌╌╌┤
│ GTRK   ┆ industrials ┆ 2.5009e7    ┆ 36270.5       ┆ 10.0   ┆ 689.5   ┆ 0.5         │
├╌╌╌╌╌╌╌╌┼╌╌╌╌╌╌╌╌╌╌╌╌╌┼╌╌╌╌╌╌╌╌╌╌╌╌╌┼╌╌╌╌╌╌╌╌╌╌╌╌╌╌╌┼╌╌╌╌╌╌╌╌┼╌╌╌╌╌╌╌╌╌┼╌╌╌╌╌╌╌╌╌╌╌╌╌┤
│ UNAC   ┆ industrials ┆ 1.0254816e7 ┆ 14608.0       ┆ 1000.0 ┆ 702.0   ┆ 0.5         │
├╌╌╌╌╌╌╌╌┼╌╌╌╌╌╌╌╌╌╌╌╌╌┼╌╌╌╌╌╌╌╌╌╌╌╌╌┼╌╌╌╌╌╌╌╌╌╌╌╌╌╌╌┼╌╌╌╌╌╌╌╌┼╌╌╌╌╌╌╌╌╌┼╌╌╌╌╌╌╌╌╌╌╌╌╌┤
│ GRNT   ┆ industrials ┆ 9765477.5   ┆ 513972.5      ┆ 100.0  ┆ 19.0    ┆ 0.05        │
├╌╌╌╌╌╌╌╌┼╌╌╌╌╌╌╌╌╌╌╌╌╌┼╌╌╌╌╌╌╌╌╌╌╌╌╌┼╌╌╌╌╌╌╌╌╌╌╌╌╌╌╌┼╌╌╌╌╌╌╌╌┼╌╌╌╌╌╌╌╌╌┼╌╌╌╌╌╌╌╌╌╌╌╌╌┤
│ RKKE   ┆ industrials ┆ 6.35687e6   ┆ 457.0         ┆ 1.0    ┆ 13910.0 ┆ 10.0        │
└────────┴─────────────┴─────────────┴───────────────┴────────┴─────────┴─────────────┘
shape: (19, 7)
┌────────┬──────────┬──────────────┬───────────────┬──────┬─────────┬─────────────┐
│ ticker ┆ sector   ┆ t            ┆ median volume ┆ lot  ┆ price   ┆ minPriceInc │
│ ---    ┆ ---      ┆ ---          ┆ ---           ┆ ---  ┆ ---     ┆ ---         │
│ str    ┆ str      ┆ f64          ┆ f64           ┆ f64  ┆ f64     ┆ f64         │
╞════════╪══════════╪══════════════╪═══════════════╪══════╪═════════╪═════════════╡
│ MGNT   ┆ consumer ┆ 3.6836646e8  ┆ 82005.0       ┆ 1.0  ┆ 4492.0  ┆ 0.5         │
├╌╌╌╌╌╌╌╌┼╌╌╌╌╌╌╌╌╌╌┼╌╌╌╌╌╌╌╌╌╌╌╌╌╌┼╌╌╌╌╌╌╌╌╌╌╌╌╌╌╌┼╌╌╌╌╌╌┼╌╌╌╌╌╌╌╌╌┼╌╌╌╌╌╌╌╌╌╌╌╌╌┤
│ BELU   ┆ consumer ┆ 2.37134318e8 ┆ 67234.0       ┆ 1.0  ┆ 3527.0  ┆ 1.0         │
├╌╌╌╌╌╌╌╌┼╌╌╌╌╌╌╌╌╌╌┼╌╌╌╌╌╌╌╌╌╌╌╌╌╌┼╌╌╌╌╌╌╌╌╌╌╌╌╌╌╌┼╌╌╌╌╌╌┼╌╌╌╌╌╌╌╌╌┼╌╌╌╌╌╌╌╌╌╌╌╌╌┤
│ OZON   ┆ consumer ┆ 1.85868576e8 ┆ 111432.0      ┆ 1.0  ┆ 1668.0  ┆ 0.5         │
├╌╌╌╌╌╌╌╌┼╌╌╌╌╌╌╌╌╌╌┼╌╌╌╌╌╌╌╌╌╌╌╌╌╌┼╌╌╌╌╌╌╌╌╌╌╌╌╌╌╌┼╌╌╌╌╌╌┼╌╌╌╌╌╌╌╌╌┼╌╌╌╌╌╌╌╌╌╌╌╌╌┤
│ AFLT   ┆ consumer ┆ 1.1450e8     ┆ 406462.0      ┆ 10.0 ┆ 281.7   ┆ 0.2         │
├╌╌╌╌╌╌╌╌┼╌╌╌╌╌╌╌╌╌╌┼╌╌╌╌╌╌╌╌╌╌╌╌╌╌┼╌╌╌╌╌╌╌╌╌╌╌╌╌╌╌┼╌╌╌╌╌╌┼╌╌╌╌╌╌╌╌╌┼╌╌╌╌╌╌╌╌╌╌╌╌╌┤
│ FIVE   ┆ consumer ┆ 6.685778e7   ┆ 45793.0       ┆ 1.0  ┆ 1460.0  ┆ 0.5         │
├╌╌╌╌╌╌╌╌┼╌╌╌╌╌╌╌╌╌╌┼╌╌╌╌╌╌╌╌╌╌╌╌╌╌┼╌╌╌╌╌╌╌╌╌╌╌╌╌╌╌┼╌╌╌╌╌╌┼╌╌╌╌╌╌╌╌╌┼╌╌╌╌╌╌╌╌╌╌╌╌╌┤
│ KROT   ┆ consumer ┆ 5.7235965e7  ┆ 3093.0        ┆ 10.0 ┆ 18505.0 ┆ 5.0         │
├╌╌╌╌╌╌╌╌┼╌╌╌╌╌╌╌╌╌╌┼╌╌╌╌╌╌╌╌╌╌╌╌╌╌┼╌╌╌╌╌╌╌╌╌╌╌╌╌╌╌┼╌╌╌╌╌╌┼╌╌╌╌╌╌╌╌╌┼╌╌╌╌╌╌╌╌╌╌╌╌╌┤
│ ABRD   ┆ consumer ┆ 4.1096745e7  ┆ 19853.5       ┆ 10.0 ┆ 2070.0  ┆ 5.0         │
├╌╌╌╌╌╌╌╌┼╌╌╌╌╌╌╌╌╌╌┼╌╌╌╌╌╌╌╌╌╌╌╌╌╌┼╌╌╌╌╌╌╌╌╌╌╌╌╌╌╌┼╌╌╌╌╌╌┼╌╌╌╌╌╌╌╌╌┼╌╌╌╌╌╌╌╌╌╌╌╌╌┤
│ DSKY   ┆ consumer ┆ 3.1569e7     ┆ 42397.0       ┆ 10.0 ┆ 744.6   ┆ 0.2         │
├╌╌╌╌╌╌╌╌┼╌╌╌╌╌╌╌╌╌╌┼╌╌╌╌╌╌╌╌╌╌╌╌╌╌┼╌╌╌╌╌╌╌╌╌╌╌╌╌╌╌┼╌╌╌╌╌╌┼╌╌╌╌╌╌╌╌╌┼╌╌╌╌╌╌╌╌╌╌╌╌╌┤
│ AGRO   ┆ consumer ┆ 2.7313776e7  ┆ 38710.0       ┆ 1.0  ┆ 705.6   ┆ 0.2         │
├╌╌╌╌╌╌╌╌┼╌╌╌╌╌╌╌╌╌╌┼╌╌╌╌╌╌╌╌╌╌╌╌╌╌┼╌╌╌╌╌╌╌╌╌╌╌╌╌╌╌┼╌╌╌╌╌╌┼╌╌╌╌╌╌╌╌╌┼╌╌╌╌╌╌╌╌╌╌╌╌╌┤
│ MVID   ┆ consumer ┆ 2.5150e7     ┆ 139489.0      ┆ 1.0  ┆ 180.3   ┆ 0.1         │
├╌╌╌╌╌╌╌╌┼╌╌╌╌╌╌╌╌╌╌┼╌╌╌╌╌╌╌╌╌╌╌╌╌╌┼╌╌╌╌╌╌╌╌╌╌╌╌╌╌╌┼╌╌╌╌╌╌┼╌╌╌╌╌╌╌╌╌┼╌╌╌╌╌╌╌╌╌╌╌╌╌┤
│ RUGR   ┆ consumer ┆ 2.1559832e7  ┆ 117173.0      ┆ 10.0 ┆ 184.0   ┆ 0.02        │
├╌╌╌╌╌╌╌╌┼╌╌╌╌╌╌╌╌╌╌┼╌╌╌╌╌╌╌╌╌╌╌╌╌╌┼╌╌╌╌╌╌╌╌╌╌╌╌╌╌╌┼╌╌╌╌╌╌┼╌╌╌╌╌╌╌╌╌┼╌╌╌╌╌╌╌╌╌╌╌╌╌┤
│ AQUA   ┆ consumer ┆ 2.08351e7    ┆ 33605.0       ┆ 1.0  ┆ 620.0   ┆ 0.5         │
├╌╌╌╌╌╌╌╌┼╌╌╌╌╌╌╌╌╌╌┼╌╌╌╌╌╌╌╌╌╌╌╌╌╌┼╌╌╌╌╌╌╌╌╌╌╌╌╌╌╌┼╌╌╌╌╌╌┼╌╌╌╌╌╌╌╌╌┼╌╌╌╌╌╌╌╌╌╌╌╌╌┤
│ ORUP   ┆ consumer ┆ 1.9703e7     ┆ 215573.5      ┆ 10.0 ┆ 91.4    ┆ 0.2         │
├╌╌╌╌╌╌╌╌┼╌╌╌╌╌╌╌╌╌╌┼╌╌╌╌╌╌╌╌╌╌╌╌╌╌┼╌╌╌╌╌╌╌╌╌╌╌╌╌╌╌┼╌╌╌╌╌╌┼╌╌╌╌╌╌╌╌╌┼╌╌╌╌╌╌╌╌╌╌╌╌╌┤
│ FIXP   ┆ consumer ┆ 1.3923e7     ┆ 40090.5       ┆ 1.0  ┆ 347.3   ┆ 0.1         │
├╌╌╌╌╌╌╌╌┼╌╌╌╌╌╌╌╌╌╌┼╌╌╌╌╌╌╌╌╌╌╌╌╌╌┼╌╌╌╌╌╌╌╌╌╌╌╌╌╌╌┼╌╌╌╌╌╌┼╌╌╌╌╌╌╌╌╌┼╌╌╌╌╌╌╌╌╌╌╌╌╌┤
│ GCHE   ┆ consumer ┆ 1.2293516e7  ┆ 4168.0        ┆ 1.0  ┆ 2949.5  ┆ 0.5         │
├╌╌╌╌╌╌╌╌┼╌╌╌╌╌╌╌╌╌╌┼╌╌╌╌╌╌╌╌╌╌╌╌╌╌┼╌╌╌╌╌╌╌╌╌╌╌╌╌╌╌┼╌╌╌╌╌╌┼╌╌╌╌╌╌╌╌╌┼╌╌╌╌╌╌╌╌╌╌╌╌╌┤
│ APTK   ┆ consumer ┆ 1.0710e7     ┆ 84107.0       ┆ 10.0 ┆ 127.34  ┆ 0.02        │
├╌╌╌╌╌╌╌╌┼╌╌╌╌╌╌╌╌╌╌┼╌╌╌╌╌╌╌╌╌╌╌╌╌╌┼╌╌╌╌╌╌╌╌╌╌╌╌╌╌╌┼╌╌╌╌╌╌┼╌╌╌╌╌╌╌╌╌┼╌╌╌╌╌╌╌╌╌╌╌╌╌┤
│ OKEY   ┆ consumer ┆ 8.8725e6     ┆ 33468.5       ┆ 10.0 ┆ 265.1   ┆ 0.1         │
├╌╌╌╌╌╌╌╌┼╌╌╌╌╌╌╌╌╌╌┼╌╌╌╌╌╌╌╌╌╌╌╌╌╌┼╌╌╌╌╌╌╌╌╌╌╌╌╌╌╌┼╌╌╌╌╌╌┼╌╌╌╌╌╌╌╌╌┼╌╌╌╌╌╌╌╌╌╌╌╌╌┤
│ LENT   ┆ consumer ┆ 8835067.5    ┆ 12435.0       ┆ 1.0  ┆ 710.5   ┆ 0.5         │
├╌╌╌╌╌╌╌╌┼╌╌╌╌╌╌╌╌╌╌┼╌╌╌╌╌╌╌╌╌╌╌╌╌╌┼╌╌╌╌╌╌╌╌╌╌╌╌╌╌╌┼╌╌╌╌╌╌┼╌╌╌╌╌╌╌╌╌┼╌╌╌╌╌╌╌╌╌╌╌╌╌┤
│ SVAV   ┆ consumer ┆ 6804947.5    ┆ 2829.5        ┆ 10.0 ┆ 2405.0  ┆ 5.0         │
└────────┴──────────┴──────────────┴───────────────┴──────┴─────────┴─────────────┘
shape: (31, 7)
┌────────┬───────────┬─────────────┬───────────────┬──────────┬────────┬─────────────┐
│ ticker ┆ sector    ┆ t           ┆ median volume ┆ lot      ┆ price  ┆ minPriceInc │
│ ---    ┆ ---       ┆ ---         ┆ ---           ┆ ---      ┆ ---    ┆ ---         │
│ str    ┆ str       ┆ f64         ┆ f64           ┆ f64      ┆ f64    ┆ f64         │
╞════════╪═══════════╪═════════════╪═══════════════╪══════════╪════════╪═════════════╡
│ IRAO   ┆ utilities ┆ 1.2837e8    ┆ 382557.0      ┆ 100.0    ┆ 335.55 ┆ 0.05        │
├╌╌╌╌╌╌╌╌┼╌╌╌╌╌╌╌╌╌╌╌┼╌╌╌╌╌╌╌╌╌╌╌╌╌┼╌╌╌╌╌╌╌╌╌╌╌╌╌╌╌┼╌╌╌╌╌╌╌╌╌╌┼╌╌╌╌╌╌╌╌┼╌╌╌╌╌╌╌╌╌╌╌╌╌┤
│ FEES   ┆ utilities ┆ 9.9626214e7 ┆ 109527.5      ┆ 10000.0  ┆ 909.6  ┆ 0.2         │
├╌╌╌╌╌╌╌╌┼╌╌╌╌╌╌╌╌╌╌╌┼╌╌╌╌╌╌╌╌╌╌╌╌╌┼╌╌╌╌╌╌╌╌╌╌╌╌╌╌╌┼╌╌╌╌╌╌╌╌╌╌┼╌╌╌╌╌╌╌╌┼╌╌╌╌╌╌╌╌╌╌╌╌╌┤
│ MSNG   ┆ utilities ┆ 8.4980e7    ┆ 37693.5       ┆ 1000.0   ┆ 2254.5 ┆ 0.5         │
├╌╌╌╌╌╌╌╌┼╌╌╌╌╌╌╌╌╌╌╌┼╌╌╌╌╌╌╌╌╌╌╌╌╌┼╌╌╌╌╌╌╌╌╌╌╌╌╌╌╌┼╌╌╌╌╌╌╌╌╌╌┼╌╌╌╌╌╌╌╌┼╌╌╌╌╌╌╌╌╌╌╌╌╌┤
│ OGKB   ┆ utilities ┆ 6.5264e7    ┆ 101927.0      ┆ 1000.0   ┆ 640.3  ┆ 0.1         │
├╌╌╌╌╌╌╌╌┼╌╌╌╌╌╌╌╌╌╌╌┼╌╌╌╌╌╌╌╌╌╌╌╌╌┼╌╌╌╌╌╌╌╌╌╌╌╌╌╌╌┼╌╌╌╌╌╌╌╌╌╌┼╌╌╌╌╌╌╌╌┼╌╌╌╌╌╌╌╌╌╌╌╌╌┤
│ KLSB   ┆ utilities ┆ 6.37024e7   ┆ 37472.0       ┆ 100.0    ┆ 1700.0 ┆ 1.0         │
├╌╌╌╌╌╌╌╌┼╌╌╌╌╌╌╌╌╌╌╌┼╌╌╌╌╌╌╌╌╌╌╌╌╌┼╌╌╌╌╌╌╌╌╌╌╌╌╌╌╌┼╌╌╌╌╌╌╌╌╌╌┼╌╌╌╌╌╌╌╌┼╌╌╌╌╌╌╌╌╌╌╌╌╌┤
│ UPRO   ┆ utilities ┆ 5.4901381e7 ┆ 33133.0       ┆ 1000.0   ┆ 1657.0 ┆ 1.0         │
├╌╌╌╌╌╌╌╌┼╌╌╌╌╌╌╌╌╌╌╌┼╌╌╌╌╌╌╌╌╌╌╌╌╌┼╌╌╌╌╌╌╌╌╌╌╌╌╌╌╌┼╌╌╌╌╌╌╌╌╌╌┼╌╌╌╌╌╌╌╌┼╌╌╌╌╌╌╌╌╌╌╌╌╌┤
│ ENRU   ┆ utilities ┆ 3.2854e7    ┆ 59669.0       ┆ 1000.0   ┆ 550.6  ┆ 0.2         │
├╌╌╌╌╌╌╌╌┼╌╌╌╌╌╌╌╌╌╌╌┼╌╌╌╌╌╌╌╌╌╌╌╌╌┼╌╌╌╌╌╌╌╌╌╌╌╌╌╌╌┼╌╌╌╌╌╌╌╌╌╌┼╌╌╌╌╌╌╌╌┼╌╌╌╌╌╌╌╌╌╌╌╌╌┤
│ TGKA   ┆ utilities ┆ 2.7901224e7 ┆ 34395.0       ┆ 100000.0 ┆ 811.2  ┆ 0.2         │
├╌╌╌╌╌╌╌╌┼╌╌╌╌╌╌╌╌╌╌╌┼╌╌╌╌╌╌╌╌╌╌╌╌╌┼╌╌╌╌╌╌╌╌╌╌╌╌╌╌╌┼╌╌╌╌╌╌╌╌╌╌┼╌╌╌╌╌╌╌╌┼╌╌╌╌╌╌╌╌╌╌╌╌╌┤
│ HYDR   ┆ utilities ┆ 2.7088e7    ┆ 34853.0       ┆ 1000.0   ┆ 777.2  ┆ 0.1         │
├╌╌╌╌╌╌╌╌┼╌╌╌╌╌╌╌╌╌╌╌┼╌╌╌╌╌╌╌╌╌╌╌╌╌┼╌╌╌╌╌╌╌╌╌╌╌╌╌╌╌┼╌╌╌╌╌╌╌╌╌╌┼╌╌╌╌╌╌╌╌┼╌╌╌╌╌╌╌╌╌╌╌╌╌┤
│ MRKP   ┆ utilities ┆ 2.2455378e7 ┆ 10858.5       ┆ 10000.0  ┆ 2068.0 ┆ 1.0         │
├╌╌╌╌╌╌╌╌┼╌╌╌╌╌╌╌╌╌╌╌┼╌╌╌╌╌╌╌╌╌╌╌╌╌┼╌╌╌╌╌╌╌╌╌╌╌╌╌╌╌┼╌╌╌╌╌╌╌╌╌╌┼╌╌╌╌╌╌╌╌┼╌╌╌╌╌╌╌╌╌╌╌╌╌┤
│ MRKC   ┆ utilities ┆ 2.2287e7    ┆ 81519.5       ┆ 1000.0   ┆ 273.4  ┆ 0.2         │
├╌╌╌╌╌╌╌╌┼╌╌╌╌╌╌╌╌╌╌╌┼╌╌╌╌╌╌╌╌╌╌╌╌╌┼╌╌╌╌╌╌╌╌╌╌╌╌╌╌╌┼╌╌╌╌╌╌╌╌╌╌┼╌╌╌╌╌╌╌╌┼╌╌╌╌╌╌╌╌╌╌╌╌╌┤
│ LSNGP  ┆ utilities ┆ 1.9612e7    ┆ 14415.5       ┆ 10.0     ┆ 1360.5 ┆ 0.5         │
├╌╌╌╌╌╌╌╌┼╌╌╌╌╌╌╌╌╌╌╌┼╌╌╌╌╌╌╌╌╌╌╌╌╌┼╌╌╌╌╌╌╌╌╌╌╌╌╌╌╌┼╌╌╌╌╌╌╌╌╌╌┼╌╌╌╌╌╌╌╌┼╌╌╌╌╌╌╌╌╌╌╌╌╌┤
│ LSNG   ┆ utilities ┆ 1.7825e7    ┆ 16015.5       ┆ 100.0    ┆ 1113.0 ┆ 1.0         │
├╌╌╌╌╌╌╌╌┼╌╌╌╌╌╌╌╌╌╌╌┼╌╌╌╌╌╌╌╌╌╌╌╌╌┼╌╌╌╌╌╌╌╌╌╌╌╌╌╌╌┼╌╌╌╌╌╌╌╌╌╌┼╌╌╌╌╌╌╌╌┼╌╌╌╌╌╌╌╌╌╌╌╌╌┤
│ DVEC   ┆ utilities ┆ 1.7085e7    ┆ 11130.5       ┆ 1000.0   ┆ 1535.0 ┆ 1.0         │
├╌╌╌╌╌╌╌╌┼╌╌╌╌╌╌╌╌╌╌╌┼╌╌╌╌╌╌╌╌╌╌╌╌╌┼╌╌╌╌╌╌╌╌╌╌╌╌╌╌╌┼╌╌╌╌╌╌╌╌╌╌┼╌╌╌╌╌╌╌╌┼╌╌╌╌╌╌╌╌╌╌╌╌╌┤
│ MRKV   ┆ utilities ┆ 1.4988e7    ┆ 47356.5       ┆ 10000.0  ┆ 316.5  ┆ 0.5         │
├╌╌╌╌╌╌╌╌┼╌╌╌╌╌╌╌╌╌╌╌┼╌╌╌╌╌╌╌╌╌╌╌╌╌┼╌╌╌╌╌╌╌╌╌╌╌╌╌╌╌┼╌╌╌╌╌╌╌╌╌╌┼╌╌╌╌╌╌╌╌┼╌╌╌╌╌╌╌╌╌╌╌╌╌┤
│ VRSB   ┆ utilities ┆ 1.4690965e7 ┆ 5147.5        ┆ 10.0     ┆ 2854.0 ┆ 2.0         │
├╌╌╌╌╌╌╌╌┼╌╌╌╌╌╌╌╌╌╌╌┼╌╌╌╌╌╌╌╌╌╌╌╌╌┼╌╌╌╌╌╌╌╌╌╌╌╌╌╌╌┼╌╌╌╌╌╌╌╌╌╌┼╌╌╌╌╌╌╌╌┼╌╌╌╌╌╌╌╌╌╌╌╌╌┤
│ TGKBP  ┆ utilities ┆ 1.38424e7   ┆ 12100.0       ┆ 100000.0 ┆ 1144.0 ┆ 1.0         │
├╌╌╌╌╌╌╌╌┼╌╌╌╌╌╌╌╌╌╌╌┼╌╌╌╌╌╌╌╌╌╌╌╌╌┼╌╌╌╌╌╌╌╌╌╌╌╌╌╌╌┼╌╌╌╌╌╌╌╌╌╌┼╌╌╌╌╌╌╌╌┼╌╌╌╌╌╌╌╌╌╌╌╌╌┤
│ MRKZ   ┆ utilities ┆ 1.0248e7    ┆ 32742.5       ┆ 10000.0  ┆ 313.0  ┆ 0.5         │
├╌╌╌╌╌╌╌╌┼╌╌╌╌╌╌╌╌╌╌╌┼╌╌╌╌╌╌╌╌╌╌╌╌╌┼╌╌╌╌╌╌╌╌╌╌╌╌╌╌╌┼╌╌╌╌╌╌╌╌╌╌┼╌╌╌╌╌╌╌╌┼╌╌╌╌╌╌╌╌╌╌╌╌╌┤
│ MRKS   ┆ utilities ┆ 8.905e6     ┆ 2740.0        ┆ 10000.0  ┆ 3250.0 ┆ 5.0         │
├╌╌╌╌╌╌╌╌┼╌╌╌╌╌╌╌╌╌╌╌┼╌╌╌╌╌╌╌╌╌╌╌╌╌┼╌╌╌╌╌╌╌╌╌╌╌╌╌╌╌┼╌╌╌╌╌╌╌╌╌╌┼╌╌╌╌╌╌╌╌┼╌╌╌╌╌╌╌╌╌╌╌╌╌┤
│ TGKB   ┆ utilities ┆ 6858037.5   ┆ 1492.5        ┆ 1e6      ┆ 4595.0 ┆ 5.0         │
├╌╌╌╌╌╌╌╌┼╌╌╌╌╌╌╌╌╌╌╌┼╌╌╌╌╌╌╌╌╌╌╌╌╌┼╌╌╌╌╌╌╌╌╌╌╌╌╌╌╌┼╌╌╌╌╌╌╌╌╌╌┼╌╌╌╌╌╌╌╌┼╌╌╌╌╌╌╌╌╌╌╌╌╌┤
│ MRKY   ┆ utilities ┆ 6.5113e6    ┆ 15521.5       ┆ 10000.0  ┆ 419.5  ┆ 0.5         │
├╌╌╌╌╌╌╌╌┼╌╌╌╌╌╌╌╌╌╌╌┼╌╌╌╌╌╌╌╌╌╌╌╌╌┼╌╌╌╌╌╌╌╌╌╌╌╌╌╌╌┼╌╌╌╌╌╌╌╌╌╌┼╌╌╌╌╌╌╌╌┼╌╌╌╌╌╌╌╌╌╌╌╌╌┤
│ TGKN   ┆ utilities ┆ 5.9311e6    ┆ 1603.0        ┆ 1e6      ┆ 3700.0 ┆ 10.0        │
├╌╌╌╌╌╌╌╌┼╌╌╌╌╌╌╌╌╌╌╌┼╌╌╌╌╌╌╌╌╌╌╌╌╌┼╌╌╌╌╌╌╌╌╌╌╌╌╌╌╌┼╌╌╌╌╌╌╌╌╌╌┼╌╌╌╌╌╌╌╌┼╌╌╌╌╌╌╌╌╌╌╌╌╌┤
│ MRKU   ┆ utilities ┆ 5.619841e6  ┆ 2948.5        ┆ 10000.0  ┆ 1906.0 ┆ 2.0         │
├╌╌╌╌╌╌╌╌┼╌╌╌╌╌╌╌╌╌╌╌┼╌╌╌╌╌╌╌╌╌╌╌╌╌┼╌╌╌╌╌╌╌╌╌╌╌╌╌╌╌┼╌╌╌╌╌╌╌╌╌╌┼╌╌╌╌╌╌╌╌┼╌╌╌╌╌╌╌╌╌╌╌╌╌┤
│ PMSB   ┆ utilities ┆ 4.561706e6  ┆ 3217.0        ┆ 10.0     ┆ 1418.0 ┆ 1.0         │
├╌╌╌╌╌╌╌╌┼╌╌╌╌╌╌╌╌╌╌╌┼╌╌╌╌╌╌╌╌╌╌╌╌╌┼╌╌╌╌╌╌╌╌╌╌╌╌╌╌╌┼╌╌╌╌╌╌╌╌╌╌┼╌╌╌╌╌╌╌╌┼╌╌╌╌╌╌╌╌╌╌╌╌╌┤
│ MSRS   ┆ utilities ┆ 4.3338e6    ┆ 4424.5        ┆ 1000.0   ┆ 979.5  ┆ 0.5         │
├╌╌╌╌╌╌╌╌┼╌╌╌╌╌╌╌╌╌╌╌┼╌╌╌╌╌╌╌╌╌╌╌╌╌┼╌╌╌╌╌╌╌╌╌╌╌╌╌╌╌┼╌╌╌╌╌╌╌╌╌╌┼╌╌╌╌╌╌╌╌┼╌╌╌╌╌╌╌╌╌╌╌╌╌┤
│ PMSBP  ┆ utilities ┆ 2.665226e6  ┆ 1823.0        ┆ 10.0     ┆ 1462.0 ┆ 2.0         │
├╌╌╌╌╌╌╌╌┼╌╌╌╌╌╌╌╌╌╌╌┼╌╌╌╌╌╌╌╌╌╌╌╌╌┼╌╌╌╌╌╌╌╌╌╌╌╌╌╌╌┼╌╌╌╌╌╌╌╌╌╌┼╌╌╌╌╌╌╌╌┼╌╌╌╌╌╌╌╌╌╌╌╌╌┤
│ IRGZ   ┆ utilities ┆ 0.0         ┆ 0.0           ┆ 100.0    ┆ 1402.0 ┆ 2.0         │
├╌╌╌╌╌╌╌╌┼╌╌╌╌╌╌╌╌╌╌╌┼╌╌╌╌╌╌╌╌╌╌╌╌╌┼╌╌╌╌╌╌╌╌╌╌╌╌╌╌╌┼╌╌╌╌╌╌╌╌╌╌┼╌╌╌╌╌╌╌╌┼╌╌╌╌╌╌╌╌╌╌╌╌╌┤
│ RSTIP  ┆ utilities ┆ 0.0         ┆ 0.0           ┆ 1000.0   ┆ 1123.0 ┆ 1.0         │
├╌╌╌╌╌╌╌╌┼╌╌╌╌╌╌╌╌╌╌╌┼╌╌╌╌╌╌╌╌╌╌╌╌╌┼╌╌╌╌╌╌╌╌╌╌╌╌╌╌╌┼╌╌╌╌╌╌╌╌╌╌┼╌╌╌╌╌╌╌╌┼╌╌╌╌╌╌╌╌╌╌╌╌╌┤
│ RSTI   ┆ utilities ┆ 0.0         ┆ 0.0           ┆ 1000.0   ┆ 558.8  ┆ 0.1         │
├╌╌╌╌╌╌╌╌┼╌╌╌╌╌╌╌╌╌╌╌┼╌╌╌╌╌╌╌╌╌╌╌╌╌┼╌╌╌╌╌╌╌╌╌╌╌╌╌╌╌┼╌╌╌╌╌╌╌╌╌╌┼╌╌╌╌╌╌╌╌┼╌╌╌╌╌╌╌╌╌╌╌╌╌┤
│ TGKD   ┆ utilities ┆ 0.0         ┆ 0.0           ┆ 100000.0 ┆ 1294.5 ┆ 0.5         │
├╌╌╌╌╌╌╌╌┼╌╌╌╌╌╌╌╌╌╌╌┼╌╌╌╌╌╌╌╌╌╌╌╌╌┼╌╌╌╌╌╌╌╌╌╌╌╌╌╌╌┼╌╌╌╌╌╌╌╌╌╌┼╌╌╌╌╌╌╌╌┼╌╌╌╌╌╌╌╌╌╌╌╌╌┤
│ DASB   ┆ utilities ┆ 0.0         ┆ 0.0           ┆ 1000.0   ┆ 86.9   ┆ 0.1         │
└────────┴───────────┴─────────────┴───────────────┴──────────┴────────┴─────────────┘
shape: (10, 7)
┌─────────┬─────────┬──────────────┬───────────────┬────────┬────────┬─────────────┐
│ ticker  ┆ sector  ┆ t            ┆ median volume ┆ lot    ┆ price  ┆ minPriceInc │
│ ---     ┆ ---     ┆ ---          ┆ ---           ┆ ---    ┆ ---    ┆ ---         │
│ str     ┆ str     ┆ f64          ┆ f64           ┆ f64    ┆ f64    ┆ f64         │
╞═════════╪═════════╪══════════════╪═══════════════╪════════╪════════╪═════════════╡
│ YNDX    ┆ telecom ┆ 6.6408e8     ┆ 355657.0      ┆ 1.0    ┆ 1867.2 ┆ 0.2         │
├╌╌╌╌╌╌╌╌╌┼╌╌╌╌╌╌╌╌╌┼╌╌╌╌╌╌╌╌╌╌╌╌╌╌┼╌╌╌╌╌╌╌╌╌╌╌╌╌╌╌┼╌╌╌╌╌╌╌╌┼╌╌╌╌╌╌╌╌┼╌╌╌╌╌╌╌╌╌╌╌╌╌┤
│ MTSS    ┆ telecom ┆ 2.09394185e8 ┆ 83674.0       ┆ 10.0   ┆ 2502.5 ┆ 0.5         │
├╌╌╌╌╌╌╌╌╌┼╌╌╌╌╌╌╌╌╌┼╌╌╌╌╌╌╌╌╌╌╌╌╌╌┼╌╌╌╌╌╌╌╌╌╌╌╌╌╌╌┼╌╌╌╌╌╌╌╌┼╌╌╌╌╌╌╌╌┼╌╌╌╌╌╌╌╌╌╌╌╌╌┤
│ CNTLP   ┆ telecom ┆ 5.3383536e7  ┆ 41191.0       ┆ 100.0  ┆ 1296.0 ┆ 2.0         │
├╌╌╌╌╌╌╌╌╌┼╌╌╌╌╌╌╌╌╌┼╌╌╌╌╌╌╌╌╌╌╌╌╌╌┼╌╌╌╌╌╌╌╌╌╌╌╌╌╌╌┼╌╌╌╌╌╌╌╌┼╌╌╌╌╌╌╌╌┼╌╌╌╌╌╌╌╌╌╌╌╌╌┤
│ MGTSP   ┆ telecom ┆ 5.2866768e7  ┆ 40542.0       ┆ 1.0    ┆ 1304.0 ┆ 2.0         │
├╌╌╌╌╌╌╌╌╌┼╌╌╌╌╌╌╌╌╌┼╌╌╌╌╌╌╌╌╌╌╌╌╌╌┼╌╌╌╌╌╌╌╌╌╌╌╌╌╌╌┼╌╌╌╌╌╌╌╌┼╌╌╌╌╌╌╌╌┼╌╌╌╌╌╌╌╌╌╌╌╌╌┤
│ CNTL    ┆ telecom ┆ 3.1956729e7  ┆ 20941.5       ┆ 100.0  ┆ 1526.0 ┆ 2.0         │
├╌╌╌╌╌╌╌╌╌┼╌╌╌╌╌╌╌╌╌┼╌╌╌╌╌╌╌╌╌╌╌╌╌╌┼╌╌╌╌╌╌╌╌╌╌╌╌╌╌╌┼╌╌╌╌╌╌╌╌┼╌╌╌╌╌╌╌╌┼╌╌╌╌╌╌╌╌╌╌╌╌╌┤
│ TTLK    ┆ telecom ┆ 3.1686e7     ┆ 47362.5       ┆ 1000.0 ┆ 669.0  ┆ 0.5         │
├╌╌╌╌╌╌╌╌╌┼╌╌╌╌╌╌╌╌╌┼╌╌╌╌╌╌╌╌╌╌╌╌╌╌┼╌╌╌╌╌╌╌╌╌╌╌╌╌╌╌┼╌╌╌╌╌╌╌╌┼╌╌╌╌╌╌╌╌┼╌╌╌╌╌╌╌╌╌╌╌╌╌┤
│ RTKM    ┆ telecom ┆ 2.9232048e7  ┆ 49080.0       ┆ 10.0   ┆ 595.6  ┆ 0.1         │
├╌╌╌╌╌╌╌╌╌┼╌╌╌╌╌╌╌╌╌┼╌╌╌╌╌╌╌╌╌╌╌╌╌╌┼╌╌╌╌╌╌╌╌╌╌╌╌╌╌╌┼╌╌╌╌╌╌╌╌┼╌╌╌╌╌╌╌╌┼╌╌╌╌╌╌╌╌╌╌╌╌╌┤
│ NSVZ    ┆ telecom ┆ 2.5432505e7  ┆ 9819.5        ┆ 10.0   ┆ 2590.0 ┆ 5.0         │
├╌╌╌╌╌╌╌╌╌┼╌╌╌╌╌╌╌╌╌┼╌╌╌╌╌╌╌╌╌╌╌╌╌╌┼╌╌╌╌╌╌╌╌╌╌╌╌╌╌╌┼╌╌╌╌╌╌╌╌┼╌╌╌╌╌╌╌╌┼╌╌╌╌╌╌╌╌╌╌╌╌╌┤
│ RTKMP   ┆ telecom ┆ 8.1051e6     ┆ 13656.5       ┆ 10.0   ┆ 593.5  ┆ 0.5         │
├╌╌╌╌╌╌╌╌╌┼╌╌╌╌╌╌╌╌╌┼╌╌╌╌╌╌╌╌╌╌╌╌╌╌┼╌╌╌╌╌╌╌╌╌╌╌╌╌╌╌┼╌╌╌╌╌╌╌╌┼╌╌╌╌╌╌╌╌┼╌╌╌╌╌╌╌╌╌╌╌╌╌┤
│ VEON-RX ┆ telecom ┆ 1023703.5    ┆ 2719.0        ┆ 10.0   ┆ 376.5  ┆ 0.5         │
└─────────┴─────────┴──────────────┴───────────────┴────────┴────────┴─────────────┘
shape: (5, 7)
┌────────┬────────┬─────────────┬───────────────┬─────┬────────┬─────────────┐
│ ticker ┆ sector ┆ t           ┆ median volume ┆ lot ┆ price  ┆ minPriceInc │
│ ---    ┆ ---    ┆ ---         ┆ ---           ┆ --- ┆ ---    ┆ ---         │
│ str    ┆ str    ┆ f64         ┆ f64           ┆ f64 ┆ f64    ┆ f64         │
╞════════╪════════╪═════════════╪═══════════════╪═════╪════════╪═════════════╡
│ VKCO   ┆ it     ┆ 1.5588e8    ┆ 315927.0      ┆ 1.0 ┆ 493.4  ┆ 0.2         │
├╌╌╌╌╌╌╌╌┼╌╌╌╌╌╌╌╌┼╌╌╌╌╌╌╌╌╌╌╌╌╌┼╌╌╌╌╌╌╌╌╌╌╌╌╌╌╌┼╌╌╌╌╌┼╌╌╌╌╌╌╌╌┼╌╌╌╌╌╌╌╌╌╌╌╌╌┤
│ POSI   ┆ it     ┆ 1.5112e8    ┆ 89854.0       ┆ 1.0 ┆ 1681.8 ┆ 0.2         │
├╌╌╌╌╌╌╌╌┼╌╌╌╌╌╌╌╌┼╌╌╌╌╌╌╌╌╌╌╌╌╌┼╌╌╌╌╌╌╌╌╌╌╌╌╌╌╌┼╌╌╌╌╌┼╌╌╌╌╌╌╌╌┼╌╌╌╌╌╌╌╌╌╌╌╌╌┤
│ CIAN   ┆ it     ┆ 2.2103984e7 ┆ 52280.0       ┆ 1.0 ┆ 422.8  ┆ 0.2         │
├╌╌╌╌╌╌╌╌┼╌╌╌╌╌╌╌╌┼╌╌╌╌╌╌╌╌╌╌╌╌╌┼╌╌╌╌╌╌╌╌╌╌╌╌╌╌╌┼╌╌╌╌╌┼╌╌╌╌╌╌╌╌┼╌╌╌╌╌╌╌╌╌╌╌╌╌┤
│ QIWI   ┆ it     ┆ 1.7611452e7 ┆ 38664.0       ┆ 1.0 ┆ 455.5  ┆ 0.5         │
├╌╌╌╌╌╌╌╌┼╌╌╌╌╌╌╌╌┼╌╌╌╌╌╌╌╌╌╌╌╌╌┼╌╌╌╌╌╌╌╌╌╌╌╌╌╌╌┼╌╌╌╌╌┼╌╌╌╌╌╌╌╌┼╌╌╌╌╌╌╌╌╌╌╌╌╌┤
│ SFTL   ┆ it     ┆ 1.5860e7    ┆ 144712.0      ┆ 1.0 ┆ 109.6  ┆ 0.1         │
└────────┴────────┴─────────────┴───────────────┴─────┴────────┴─────────────┘
shape: (4, 7)
┌────────┬─────────────┬────────────┬───────────────┬───────┬────────┬─────────────┐
│ ticker ┆ sector      ┆ t          ┆ median volume ┆ lot   ┆ price  ┆ minPriceInc │
│ ---    ┆ ---         ┆ ---        ┆ ---           ┆ ---   ┆ ---    ┆ ---         │
│ str    ┆ str         ┆ f64        ┆ f64           ┆ f64   ┆ f64    ┆ f64         │
╞════════╪═════════════╪════════════╪═══════════════╪═══════╪════════╪═════════════╡
│ ISKJ   ┆ health_care ┆ 2.2071e8   ┆ 204701.0      ┆ 10.0  ┆ 1078.2 ┆ 0.2         │
├╌╌╌╌╌╌╌╌┼╌╌╌╌╌╌╌╌╌╌╌╌╌┼╌╌╌╌╌╌╌╌╌╌╌╌┼╌╌╌╌╌╌╌╌╌╌╌╌╌╌╌┼╌╌╌╌╌╌╌┼╌╌╌╌╌╌╌╌┼╌╌╌╌╌╌╌╌╌╌╌╌╌┤
│ LIFE   ┆ health_care ┆ 5.7862e7   ┆ 89225.0       ┆ 100.0 ┆ 648.5  ┆ 0.5         │
├╌╌╌╌╌╌╌╌┼╌╌╌╌╌╌╌╌╌╌╌╌╌┼╌╌╌╌╌╌╌╌╌╌╌╌┼╌╌╌╌╌╌╌╌╌╌╌╌╌╌╌┼╌╌╌╌╌╌╌┼╌╌╌╌╌╌╌╌┼╌╌╌╌╌╌╌╌╌╌╌╌╌┤
│ GEMC   ┆ health_care ┆ 8.024965e6 ┆ 23742.5       ┆ 1.0   ┆ 338.0  ┆ 0.1         │
├╌╌╌╌╌╌╌╌┼╌╌╌╌╌╌╌╌╌╌╌╌╌┼╌╌╌╌╌╌╌╌╌╌╌╌┼╌╌╌╌╌╌╌╌╌╌╌╌╌╌╌┼╌╌╌╌╌╌╌┼╌╌╌╌╌╌╌╌┼╌╌╌╌╌╌╌╌╌╌╌╌╌┤
│ MDMG   ┆ health_care ┆ 7818077.8  ┆ 16613.0       ┆ 1.0   ┆ 470.6  ┆ 0.1         │
└────────┴─────────────┴────────────┴───────────────┴───────┴────────┴─────────────┘
shape: (4, 7)
┌────────┬─────────────┬──────────────┬───────────────┬─────┬────────┬─────────────┐
│ ticker ┆ sector      ┆ t            ┆ median volume ┆ lot ┆ price  ┆ minPriceInc │
│ ---    ┆ ---         ┆ ---          ┆ ---           ┆ --- ┆ ---    ┆ ---         │
│ str    ┆ str         ┆ f64          ┆ f64           ┆ f64 ┆ f64    ┆ f64         │
╞════════╪═════════════╪══════════════╪═══════════════╪═════╪════════╪═════════════╡
│ SMLT   ┆ real_estate ┆ 1.05482427e8 ┆ 42286.0       ┆ 1.0 ┆ 2494.5 ┆ 0.5         │
├╌╌╌╌╌╌╌╌┼╌╌╌╌╌╌╌╌╌╌╌╌╌┼╌╌╌╌╌╌╌╌╌╌╌╌╌╌┼╌╌╌╌╌╌╌╌╌╌╌╌╌╌╌┼╌╌╌╌╌┼╌╌╌╌╌╌╌╌┼╌╌╌╌╌╌╌╌╌╌╌╌╌┤
│ PIKK   ┆ real_estate ┆ 3.7997e7     ┆ 61975.0       ┆ 1.0 ┆ 613.1  ┆ 0.1         │
├╌╌╌╌╌╌╌╌┼╌╌╌╌╌╌╌╌╌╌╌╌╌┼╌╌╌╌╌╌╌╌╌╌╌╌╌╌┼╌╌╌╌╌╌╌╌╌╌╌╌╌╌╌┼╌╌╌╌╌┼╌╌╌╌╌╌╌╌┼╌╌╌╌╌╌╌╌╌╌╌╌╌┤
│ LSRG   ┆ real_estate ┆ 3.2003e7     ┆ 64471.0       ┆ 1.0 ┆ 496.4  ┆ 0.2         │
├╌╌╌╌╌╌╌╌┼╌╌╌╌╌╌╌╌╌╌╌╌╌┼╌╌╌╌╌╌╌╌╌╌╌╌╌╌┼╌╌╌╌╌╌╌╌╌╌╌╌╌╌╌┼╌╌╌╌╌┼╌╌╌╌╌╌╌╌┼╌╌╌╌╌╌╌╌╌╌╌╌╌┤
│ ETLN   ┆ real_estate ┆ 9042702.9    ┆ 172702.5      ┆ 1.0 ┆ 52.36  ┆ 0.02        │
└────────┴─────────────┴──────────────┴───────────────┴─────┴────────┴─────────────┘
