┌────────┬───────────┬──────────────┬───────────────┬─────────┬────────┬─────────────┐
│ ticker ┆ sector    ┆ t            ┆ median volume ┆ lot     ┆ price  ┆ minPriceInc │
│ ---    ┆ ---       ┆ ---          ┆ ---           ┆ ---     ┆ ---    ┆ ---         │
│ str    ┆ str       ┆ f64          ┆ f64           ┆ f64     ┆ f64    ┆ f64         │
╞════════╪═══════════╪══════════════╪═══════════════╪═════════╪════════╪═════════════╡
│ SBER   ┆ financial ┆ 8.7936e9     ┆ 5.023484e6    ┆ 10.0    ┆ 1750.5 ┆ 0.1         │
├╌╌╌╌╌╌╌╌┼╌╌╌╌╌╌╌╌╌╌╌┼╌╌╌╌╌╌╌╌╌╌╌╌╌╌┼╌╌╌╌╌╌╌╌╌╌╌╌╌╌╌┼╌╌╌╌╌╌╌╌╌┼╌╌╌╌╌╌╌╌┼╌╌╌╌╌╌╌╌╌╌╌╌╌┤
│ VTBR   ┆ financial ┆ 3.9121e8     ┆ 2.381072e6    ┆ 10000.0 ┆ 164.3  ┆ 0.05        │
├╌╌╌╌╌╌╌╌┼╌╌╌╌╌╌╌╌╌╌╌┼╌╌╌╌╌╌╌╌╌╌╌╌╌╌┼╌╌╌╌╌╌╌╌╌╌╌╌╌╌╌┼╌╌╌╌╌╌╌╌╌┼╌╌╌╌╌╌╌╌┼╌╌╌╌╌╌╌╌╌╌╌╌╌┤
│ MOEX   ┆ financial ┆ 5.4450e8     ┆ 491733.0      ┆ 10.0    ┆ 1107.3 ┆ 0.1         │
├╌╌╌╌╌╌╌╌┼╌╌╌╌╌╌╌╌╌╌╌┼╌╌╌╌╌╌╌╌╌╌╌╌╌╌┼╌╌╌╌╌╌╌╌╌╌╌╌╌╌╌┼╌╌╌╌╌╌╌╌╌┼╌╌╌╌╌╌╌╌┼╌╌╌╌╌╌╌╌╌╌╌╌╌┤
│ CBOM   ┆ financial ┆ 2.4152e8     ┆ 353351.0      ┆ 100.0   ┆ 683.5  ┆ 0.1         │
├╌╌╌╌╌╌╌╌┼╌╌╌╌╌╌╌╌╌╌╌┼╌╌╌╌╌╌╌╌╌╌╌╌╌╌┼╌╌╌╌╌╌╌╌╌╌╌╌╌╌╌┼╌╌╌╌╌╌╌╌╌┼╌╌╌╌╌╌╌╌┼╌╌╌╌╌╌╌╌╌╌╌╌╌┤
│ SBERP  ┆ financial ┆ 5.8529e8     ┆ 336993.0      ┆ 10.0    ┆ 1736.8 ┆ 0.1         │
├╌╌╌╌╌╌╌╌┼╌╌╌╌╌╌╌╌╌╌╌┼╌╌╌╌╌╌╌╌╌╌╌╌╌╌┼╌╌╌╌╌╌╌╌╌╌╌╌╌╌╌┼╌╌╌╌╌╌╌╌╌┼╌╌╌╌╌╌╌╌┼╌╌╌╌╌╌╌╌╌╌╌╌╌┤
│ TCSG   ┆ financial ┆ 4.46829536e8 ┆ 183616.0      ┆ 1.0     ┆ 2433.5 ┆ 0.5         │
├╌╌╌╌╌╌╌╌┼╌╌╌╌╌╌╌╌╌╌╌┼╌╌╌╌╌╌╌╌╌╌╌╌╌╌┼╌╌╌╌╌╌╌╌╌╌╌╌╌╌╌┼╌╌╌╌╌╌╌╌╌┼╌╌╌╌╌╌╌╌┼╌╌╌╌╌╌╌╌╌╌╌╌╌┤
│ AFKS   ┆ financial ┆ 1.6472e8     ┆ 125146.0      ┆ 100.0   ┆ 1316.2 ┆ 0.1         │
├╌╌╌╌╌╌╌╌┼╌╌╌╌╌╌╌╌╌╌╌┼╌╌╌╌╌╌╌╌╌╌╌╌╌╌┼╌╌╌╌╌╌╌╌╌╌╌╌╌╌╌┼╌╌╌╌╌╌╌╌╌┼╌╌╌╌╌╌╌╌┼╌╌╌╌╌╌╌╌╌╌╌╌╌┤
│ BSPB   ┆ financial ┆ 8.7226764e7  ┆ 70755.0       ┆ 10.0    ┆ 1232.8 ┆ 0.1         │
├╌╌╌╌╌╌╌╌┼╌╌╌╌╌╌╌╌╌╌╌┼╌╌╌╌╌╌╌╌╌╌╌╌╌╌┼╌╌╌╌╌╌╌╌╌╌╌╌╌╌╌┼╌╌╌╌╌╌╌╌╌┼╌╌╌╌╌╌╌╌┼╌╌╌╌╌╌╌╌╌╌╌╌╌┤
│ RENI   ┆ financial ┆ 6315245.4    ┆ 11769.0       ┆ 10.0    ┆ 536.6  ┆ 0.1         │
├╌╌╌╌╌╌╌╌┼╌╌╌╌╌╌╌╌╌╌╌┼╌╌╌╌╌╌╌╌╌╌╌╌╌╌┼╌╌╌╌╌╌╌╌╌╌╌╌╌╌╌┼╌╌╌╌╌╌╌╌╌┼╌╌╌╌╌╌╌╌┼╌╌╌╌╌╌╌╌╌╌╌╌╌┤
│ SFIN   ┆ financial ┆ 3.202668e6   ┆ 639.0         ┆ 10.0    ┆ 5012.0 ┆ 2.0         │
└────────┴───────────┴──────────────┴───────────────┴─────────┴────────┴─────────────┘
shape: (15, 7)
┌────────┬────────┬──────────────┬───────────────┬───────┬─────────┬─────────────┐
│ ticker ┆ sector ┆ t            ┆ median volume ┆ lot   ┆ price   ┆ minPriceInc │
│ ---    ┆ ---    ┆ ---          ┆ ---           ┆ ---   ┆ ---     ┆ ---         │
│ str    ┆ str    ┆ f64          ┆ f64           ┆ f64   ┆ f64     ┆ f64         │
╞════════╪════════╪══════════════╪═══════════════╪═══════╪═════════╪═════════════╡
│ TATN   ┆ energy ┆ 6.6241e8     ┆ 1.970286e6    ┆ 1.0   ┆ 336.2   ┆ 0.1         │
├╌╌╌╌╌╌╌╌┼╌╌╌╌╌╌╌╌┼╌╌╌╌╌╌╌╌╌╌╌╌╌╌┼╌╌╌╌╌╌╌╌╌╌╌╌╌╌╌┼╌╌╌╌╌╌╌┼╌╌╌╌╌╌╌╌╌┼╌╌╌╌╌╌╌╌╌╌╌╌╌┤
│ ROSN   ┆ energy ┆ 6.1116e8     ┆ 1.708575e6    ┆ 1.0   ┆ 357.7   ┆ 0.05        │
├╌╌╌╌╌╌╌╌┼╌╌╌╌╌╌╌╌┼╌╌╌╌╌╌╌╌╌╌╌╌╌╌┼╌╌╌╌╌╌╌╌╌╌╌╌╌╌╌┼╌╌╌╌╌╌╌┼╌╌╌╌╌╌╌╌╌┼╌╌╌╌╌╌╌╌╌╌╌╌╌┤
│ GAZP   ┆ energy ┆ 2.2290e9     ┆ 1.394955e6    ┆ 10.0  ┆ 1597.9  ┆ 0.1         │
├╌╌╌╌╌╌╌╌┼╌╌╌╌╌╌╌╌┼╌╌╌╌╌╌╌╌╌╌╌╌╌╌┼╌╌╌╌╌╌╌╌╌╌╌╌╌╌╌┼╌╌╌╌╌╌╌┼╌╌╌╌╌╌╌╌╌┼╌╌╌╌╌╌╌╌╌╌╌╌╌┤
│ NVTK   ┆ energy ┆ 8.2359e8     ┆ 776679.0      ┆ 1.0   ┆ 1060.4  ┆ 0.2         │
├╌╌╌╌╌╌╌╌┼╌╌╌╌╌╌╌╌┼╌╌╌╌╌╌╌╌╌╌╌╌╌╌┼╌╌╌╌╌╌╌╌╌╌╌╌╌╌╌┼╌╌╌╌╌╌╌┼╌╌╌╌╌╌╌╌╌┼╌╌╌╌╌╌╌╌╌╌╌╌╌┤
│ RNFT   ┆ energy ┆ 5.263518e7   ┆ 539848.0      ┆ 1.0   ┆ 97.5    ┆ 0.2         │
├╌╌╌╌╌╌╌╌┼╌╌╌╌╌╌╌╌┼╌╌╌╌╌╌╌╌╌╌╌╌╌╌┼╌╌╌╌╌╌╌╌╌╌╌╌╌╌╌┼╌╌╌╌╌╌╌┼╌╌╌╌╌╌╌╌╌┼╌╌╌╌╌╌╌╌╌╌╌╌╌┤
│ SIBN   ┆ energy ┆ 1.8383e8     ┆ 415439.0      ┆ 1.0   ┆ 442.5   ┆ 0.05        │
├╌╌╌╌╌╌╌╌┼╌╌╌╌╌╌╌╌┼╌╌╌╌╌╌╌╌╌╌╌╌╌╌┼╌╌╌╌╌╌╌╌╌╌╌╌╌╌╌┼╌╌╌╌╌╌╌┼╌╌╌╌╌╌╌╌╌┼╌╌╌╌╌╌╌╌╌╌╌╌╌┤
│ LKOH   ┆ energy ┆ 1.3850e9     ┆ 342056.0      ┆ 1.0   ┆ 4049.0  ┆ 0.5         │
├╌╌╌╌╌╌╌╌┼╌╌╌╌╌╌╌╌┼╌╌╌╌╌╌╌╌╌╌╌╌╌╌┼╌╌╌╌╌╌╌╌╌╌╌╌╌╌╌┼╌╌╌╌╌╌╌┼╌╌╌╌╌╌╌╌╌┼╌╌╌╌╌╌╌╌╌╌╌╌╌┤
│ TATNP  ┆ energy ┆ 8.1403161e7  ┆ 243285.0      ┆ 1.0   ┆ 334.6   ┆ 0.1         │
├╌╌╌╌╌╌╌╌┼╌╌╌╌╌╌╌╌┼╌╌╌╌╌╌╌╌╌╌╌╌╌╌┼╌╌╌╌╌╌╌╌╌╌╌╌╌╌╌┼╌╌╌╌╌╌╌┼╌╌╌╌╌╌╌╌╌┼╌╌╌╌╌╌╌╌╌╌╌╌╌┤
│ SNGS   ┆ energy ┆ 2.72882758e8 ┆ 123031.0      ┆ 100.0 ┆ 2218.0  ┆ 0.5         │
├╌╌╌╌╌╌╌╌┼╌╌╌╌╌╌╌╌┼╌╌╌╌╌╌╌╌╌╌╌╌╌╌┼╌╌╌╌╌╌╌╌╌╌╌╌╌╌╌┼╌╌╌╌╌╌╌┼╌╌╌╌╌╌╌╌╌┼╌╌╌╌╌╌╌╌╌╌╌╌╌┤
│ SNGSP  ┆ energy ┆ 1.3654e8     ┆ 48895.0       ┆ 100.0 ┆ 2792.5  ┆ 0.5         │
├╌╌╌╌╌╌╌╌┼╌╌╌╌╌╌╌╌┼╌╌╌╌╌╌╌╌╌╌╌╌╌╌┼╌╌╌╌╌╌╌╌╌╌╌╌╌╌╌┼╌╌╌╌╌╌╌┼╌╌╌╌╌╌╌╌╌┼╌╌╌╌╌╌╌╌╌╌╌╌╌┤
│ BANEP  ┆ energy ┆ 3.509319e7   ┆ 40337.0       ┆ 1.0   ┆ 870.0   ┆ 0.5         │
├╌╌╌╌╌╌╌╌┼╌╌╌╌╌╌╌╌┼╌╌╌╌╌╌╌╌╌╌╌╌╌╌┼╌╌╌╌╌╌╌╌╌╌╌╌╌╌╌┼╌╌╌╌╌╌╌┼╌╌╌╌╌╌╌╌╌┼╌╌╌╌╌╌╌╌╌╌╌╌╌┤
│ BANE   ┆ energy ┆ 1.2553814e7  ┆ 11996.0       ┆ 1.0   ┆ 1046.5  ┆ 0.5         │
├╌╌╌╌╌╌╌╌┼╌╌╌╌╌╌╌╌┼╌╌╌╌╌╌╌╌╌╌╌╌╌╌┼╌╌╌╌╌╌╌╌╌╌╌╌╌╌╌┼╌╌╌╌╌╌╌┼╌╌╌╌╌╌╌╌╌┼╌╌╌╌╌╌╌╌╌╌╌╌╌┤
│ YAKG   ┆ energy ┆ 6.141695e6   ┆ 5306.0        ┆ 10.0  ┆ 1157.5  ┆ 0.5         │
├╌╌╌╌╌╌╌╌┼╌╌╌╌╌╌╌╌┼╌╌╌╌╌╌╌╌╌╌╌╌╌╌┼╌╌╌╌╌╌╌╌╌╌╌╌╌╌╌┼╌╌╌╌╌╌╌┼╌╌╌╌╌╌╌╌╌┼╌╌╌╌╌╌╌╌╌╌╌╌╌┤
│ KRKNP  ┆ energy ┆ 2.159282e7   ┆ 1711.0        ┆ 1.0   ┆ 12620.0 ┆ 20.0        │
├╌╌╌╌╌╌╌╌┼╌╌╌╌╌╌╌╌┼╌╌╌╌╌╌╌╌╌╌╌╌╌╌┼╌╌╌╌╌╌╌╌╌╌╌╌╌╌╌┼╌╌╌╌╌╌╌┼╌╌╌╌╌╌╌╌╌┼╌╌╌╌╌╌╌╌╌╌╌╌╌┤
│ TRNFP  ┆ energy ┆ 6.228885e7   ┆ 663.0         ┆ 1.0   ┆ 93950.0 ┆ 50.0        │
└────────┴────────┴──────────────┴───────────────┴───────┴─────────┴─────────────┘
shape: (31, 7)
┌────────┬───────────┬──────────────┬───────────────┬───────┬─────────┬─────────────┐
│ ticker ┆ sector    ┆ t            ┆ median volume ┆ lot   ┆ price   ┆ minPriceInc │
│ ---    ┆ ---       ┆ ---          ┆ ---           ┆ ---   ┆ ---     ┆ ---         │
│ str    ┆ str       ┆ f64          ┆ f64           ┆ f64   ┆ f64     ┆ f64         │
╞════════╪═══════════╪══════════════╪═══════════════╪═══════╪═════════╪═════════════╡
│ MTLR   ┆ materials ┆ 2.3102e8     ┆ 1.668152e6    ┆ 1.0   ┆ 138.49  ┆ 0.01        │
├╌╌╌╌╌╌╌╌┼╌╌╌╌╌╌╌╌╌╌╌┼╌╌╌╌╌╌╌╌╌╌╌╌╌╌┼╌╌╌╌╌╌╌╌╌╌╌╌╌╌╌┼╌╌╌╌╌╌╌┼╌╌╌╌╌╌╌╌╌┼╌╌╌╌╌╌╌╌╌╌╌╌╌┤
│ MAGN   ┆ materials ┆ 5.0021e8     ┆ 1.243215e6    ┆ 10.0  ┆ 402.35  ┆ 0.05        │
├╌╌╌╌╌╌╌╌┼╌╌╌╌╌╌╌╌╌╌╌┼╌╌╌╌╌╌╌╌╌╌╌╌╌╌┼╌╌╌╌╌╌╌╌╌╌╌╌╌╌╌┼╌╌╌╌╌╌╌┼╌╌╌╌╌╌╌╌╌┼╌╌╌╌╌╌╌╌╌╌╌╌╌┤
│ POLY   ┆ materials ┆ 6.5774e8     ┆ 1.232176e6    ┆ 1.0   ┆ 533.8   ┆ 0.1         │
├╌╌╌╌╌╌╌╌┼╌╌╌╌╌╌╌╌╌╌╌┼╌╌╌╌╌╌╌╌╌╌╌╌╌╌┼╌╌╌╌╌╌╌╌╌╌╌╌╌╌╌┼╌╌╌╌╌╌╌┼╌╌╌╌╌╌╌╌╌┼╌╌╌╌╌╌╌╌╌╌╌╌╌┤
│ CHMF   ┆ materials ┆ 6.347052e8   ┆ 622260.0      ┆ 1.0   ┆ 1020.0  ┆ 0.2         │
├╌╌╌╌╌╌╌╌┼╌╌╌╌╌╌╌╌╌╌╌┼╌╌╌╌╌╌╌╌╌╌╌╌╌╌┼╌╌╌╌╌╌╌╌╌╌╌╌╌╌╌┼╌╌╌╌╌╌╌┼╌╌╌╌╌╌╌╌╌┼╌╌╌╌╌╌╌╌╌╌╌╌╌┤
│ ALRS   ┆ materials ┆ 3.47560758e8 ┆ 576386.0      ┆ 10.0  ┆ 603.0   ┆ 0.1         │
├╌╌╌╌╌╌╌╌┼╌╌╌╌╌╌╌╌╌╌╌┼╌╌╌╌╌╌╌╌╌╌╌╌╌╌┼╌╌╌╌╌╌╌╌╌╌╌╌╌╌╌┼╌╌╌╌╌╌╌┼╌╌╌╌╌╌╌╌╌┼╌╌╌╌╌╌╌╌╌╌╌╌╌┤
│ RUAL   ┆ materials ┆ 2.1573e8     ┆ 540750.0      ┆ 10.0  ┆ 398.95  ┆ 0.05        │
├╌╌╌╌╌╌╌╌┼╌╌╌╌╌╌╌╌╌╌╌┼╌╌╌╌╌╌╌╌╌╌╌╌╌╌┼╌╌╌╌╌╌╌╌╌╌╌╌╌╌╌┼╌╌╌╌╌╌╌┼╌╌╌╌╌╌╌╌╌┼╌╌╌╌╌╌╌╌╌╌╌╌╌┤
│ NLMK   ┆ materials ┆ 3.7970288e8  ┆ 306212.0      ┆ 10.0  ┆ 1240.0  ┆ 0.2         │
├╌╌╌╌╌╌╌╌┼╌╌╌╌╌╌╌╌╌╌╌┼╌╌╌╌╌╌╌╌╌╌╌╌╌╌┼╌╌╌╌╌╌╌╌╌╌╌╌╌╌╌┼╌╌╌╌╌╌╌┼╌╌╌╌╌╌╌╌╌┼╌╌╌╌╌╌╌╌╌╌╌╌╌┤
│ KZOSP  ┆ materials ┆ 7.5323769e7  ┆ 256990.0      ┆ 10.0  ┆ 293.1   ┆ 0.1         │
├╌╌╌╌╌╌╌╌┼╌╌╌╌╌╌╌╌╌╌╌┼╌╌╌╌╌╌╌╌╌╌╌╌╌╌┼╌╌╌╌╌╌╌╌╌╌╌╌╌╌╌┼╌╌╌╌╌╌╌┼╌╌╌╌╌╌╌╌╌┼╌╌╌╌╌╌╌╌╌╌╌╌╌┤
│ SGZH   ┆ materials ┆ 8.8879698e7  ┆ 174788.0      ┆ 100.0 ┆ 508.5   ┆ 0.1         │
├╌╌╌╌╌╌╌╌┼╌╌╌╌╌╌╌╌╌╌╌┼╌╌╌╌╌╌╌╌╌╌╌╌╌╌┼╌╌╌╌╌╌╌╌╌╌╌╌╌╌╌┼╌╌╌╌╌╌╌┼╌╌╌╌╌╌╌╌╌┼╌╌╌╌╌╌╌╌╌╌╌╌╌┤
│ PLZL   ┆ materials ┆ 1.5109e9     ┆ 164057.0      ┆ 1.0   ┆ 9209.5  ┆ 0.5         │
├╌╌╌╌╌╌╌╌┼╌╌╌╌╌╌╌╌╌╌╌┼╌╌╌╌╌╌╌╌╌╌╌╌╌╌┼╌╌╌╌╌╌╌╌╌╌╌╌╌╌╌┼╌╌╌╌╌╌╌┼╌╌╌╌╌╌╌╌╌┼╌╌╌╌╌╌╌╌╌╌╌╌╌┤
│ ENPG   ┆ materials ┆ 4.709585e7   ┆ 119230.0      ┆ 1.0   ┆ 395.0   ┆ 0.5         │
├╌╌╌╌╌╌╌╌┼╌╌╌╌╌╌╌╌╌╌╌┼╌╌╌╌╌╌╌╌╌╌╌╌╌╌┼╌╌╌╌╌╌╌╌╌╌╌╌╌╌╌┼╌╌╌╌╌╌╌┼╌╌╌╌╌╌╌╌╌┼╌╌╌╌╌╌╌╌╌╌╌╌╌┤
│ PRFN   ┆ materials ┆ 4.1939e7     ┆ 115565.0      ┆ 100.0 ┆ 362.9   ┆ 0.1         │
├╌╌╌╌╌╌╌╌┼╌╌╌╌╌╌╌╌╌╌╌┼╌╌╌╌╌╌╌╌╌╌╌╌╌╌┼╌╌╌╌╌╌╌╌╌╌╌╌╌╌╌┼╌╌╌╌╌╌╌┼╌╌╌╌╌╌╌╌╌┼╌╌╌╌╌╌╌╌╌╌╌╌╌┤
│ BLNG   ┆ materials ┆ 2.20081719e8 ┆ 102674.0      ┆ 100.0 ┆ 2143.5  ┆ 0.5         │
├╌╌╌╌╌╌╌╌┼╌╌╌╌╌╌╌╌╌╌╌┼╌╌╌╌╌╌╌╌╌╌╌╌╌╌┼╌╌╌╌╌╌╌╌╌╌╌╌╌╌╌┼╌╌╌╌╌╌╌┼╌╌╌╌╌╌╌╌╌┼╌╌╌╌╌╌╌╌╌╌╌╌╌┤
│ SELG   ┆ materials ┆ 2.8778616e7  ┆ 58672.0       ┆ 10.0  ┆ 490.5   ┆ 0.1         │
├╌╌╌╌╌╌╌╌┼╌╌╌╌╌╌╌╌╌╌╌┼╌╌╌╌╌╌╌╌╌╌╌╌╌╌┼╌╌╌╌╌╌╌╌╌╌╌╌╌╌╌┼╌╌╌╌╌╌╌┼╌╌╌╌╌╌╌╌╌┼╌╌╌╌╌╌╌╌╌╌╌╌╌┤
│ RASP   ┆ materials ┆ 1.51670796e8 ┆ 57062.0       ┆ 10.0  ┆ 2658.0  ┆ 0.5         │
├╌╌╌╌╌╌╌╌┼╌╌╌╌╌╌╌╌╌╌╌┼╌╌╌╌╌╌╌╌╌╌╌╌╌╌┼╌╌╌╌╌╌╌╌╌╌╌╌╌╌╌┼╌╌╌╌╌╌╌┼╌╌╌╌╌╌╌╌╌┼╌╌╌╌╌╌╌╌╌╌╌╌╌┤
│ PHOR   ┆ materials ┆ 4.0262638e8  ┆ 56828.0       ┆ 1.0   ┆ 7085.0  ┆ 1.0         │
├╌╌╌╌╌╌╌╌┼╌╌╌╌╌╌╌╌╌╌╌┼╌╌╌╌╌╌╌╌╌╌╌╌╌╌┼╌╌╌╌╌╌╌╌╌╌╌╌╌╌╌┼╌╌╌╌╌╌╌┼╌╌╌╌╌╌╌╌╌┼╌╌╌╌╌╌╌╌╌╌╌╌╌┤
│ LNZLP  ┆ materials ┆ 1.605562e8   ┆ 54985.0       ┆ 1.0   ┆ 2920.0  ┆ 5.0         │
├╌╌╌╌╌╌╌╌┼╌╌╌╌╌╌╌╌╌╌╌┼╌╌╌╌╌╌╌╌╌╌╌╌╌╌┼╌╌╌╌╌╌╌╌╌╌╌╌╌╌╌┼╌╌╌╌╌╌╌┼╌╌╌╌╌╌╌╌╌┼╌╌╌╌╌╌╌╌╌╌╌╌╌┤
│ GMKN   ┆ materials ┆ 7.4271555e8  ┆ 51399.0       ┆ 1.0   ┆ 14450.0 ┆ 2.0         │
├╌╌╌╌╌╌╌╌┼╌╌╌╌╌╌╌╌╌╌╌┼╌╌╌╌╌╌╌╌╌╌╌╌╌╌┼╌╌╌╌╌╌╌╌╌╌╌╌╌╌╌┼╌╌╌╌╌╌╌┼╌╌╌╌╌╌╌╌╌┼╌╌╌╌╌╌╌╌╌╌╌╌╌┤
│ ROLO   ┆ materials ┆ 3.8839e6     ┆ 50382.0       ┆ 100.0 ┆ 77.09   ┆ 0.5         │
├╌╌╌╌╌╌╌╌┼╌╌╌╌╌╌╌╌╌╌╌┼╌╌╌╌╌╌╌╌╌╌╌╌╌╌┼╌╌╌╌╌╌╌╌╌╌╌╌╌╌╌┼╌╌╌╌╌╌╌┼╌╌╌╌╌╌╌╌╌┼╌╌╌╌╌╌╌╌╌╌╌╌╌┤
│ KZOS   ┆ materials ┆ 4.3773798e7  ┆ 46469.0       ┆ 10.0  ┆ 942.0   ┆ 1.0         │
├╌╌╌╌╌╌╌╌┼╌╌╌╌╌╌╌╌╌╌╌┼╌╌╌╌╌╌╌╌╌╌╌╌╌╌┼╌╌╌╌╌╌╌╌╌╌╌╌╌╌╌┼╌╌╌╌╌╌╌┼╌╌╌╌╌╌╌╌╌┼╌╌╌╌╌╌╌╌╌╌╌╌╌┤
│ NKNC   ┆ materials ┆ 4.7075e7     ┆ 40599.0       ┆ 10.0  ┆ 1159.5  ┆ 0.5         │
├╌╌╌╌╌╌╌╌┼╌╌╌╌╌╌╌╌╌╌╌┼╌╌╌╌╌╌╌╌╌╌╌╌╌╌┼╌╌╌╌╌╌╌╌╌╌╌╌╌╌╌┼╌╌╌╌╌╌╌┼╌╌╌╌╌╌╌╌╌┼╌╌╌╌╌╌╌╌╌╌╌╌╌┤
│ NKNCP  ┆ materials ┆ 3.4608e7     ┆ 39381.0       ┆ 10.0  ┆ 878.8   ┆ 0.2         │
├╌╌╌╌╌╌╌╌┼╌╌╌╌╌╌╌╌╌╌╌┼╌╌╌╌╌╌╌╌╌╌╌╌╌╌┼╌╌╌╌╌╌╌╌╌╌╌╌╌╌╌┼╌╌╌╌╌╌╌┼╌╌╌╌╌╌╌╌╌┼╌╌╌╌╌╌╌╌╌╌╌╌╌┤
│ MTLRP  ┆ materials ┆ 6.3154732e7  ┆ 38264.0       ┆ 10.0  ┆ 1650.5  ┆ 0.5         │
├╌╌╌╌╌╌╌╌┼╌╌╌╌╌╌╌╌╌╌╌┼╌╌╌╌╌╌╌╌╌╌╌╌╌╌┼╌╌╌╌╌╌╌╌╌╌╌╌╌╌╌┼╌╌╌╌╌╌╌┼╌╌╌╌╌╌╌╌╌┼╌╌╌╌╌╌╌╌╌╌╌╌╌┤
│ AMEZ   ┆ materials ┆ 9.6471e7     ┆ 17933.0       ┆ 100.0 ┆ 5379.5  ┆ 0.5         │
├╌╌╌╌╌╌╌╌┼╌╌╌╌╌╌╌╌╌╌╌┼╌╌╌╌╌╌╌╌╌╌╌╌╌╌┼╌╌╌╌╌╌╌╌╌╌╌╌╌╌╌┼╌╌╌╌╌╌╌┼╌╌╌╌╌╌╌╌╌┼╌╌╌╌╌╌╌╌╌╌╌╌╌┤
│ KAZT   ┆ materials ┆ 1.140048e7   ┆ 2088.0        ┆ 10.0  ┆ 5460.0  ┆ 2.0         │
├╌╌╌╌╌╌╌╌┼╌╌╌╌╌╌╌╌╌╌╌┼╌╌╌╌╌╌╌╌╌╌╌╌╌╌┼╌╌╌╌╌╌╌╌╌╌╌╌╌╌╌┼╌╌╌╌╌╌╌┼╌╌╌╌╌╌╌╌╌┼╌╌╌╌╌╌╌╌╌╌╌╌╌┤
│ LNZL   ┆ materials ┆ 3.396628e7   ┆ 2017.0        ┆ 1.0   ┆ 16840.0 ┆ 10.0        │
├╌╌╌╌╌╌╌╌┼╌╌╌╌╌╌╌╌╌╌╌┼╌╌╌╌╌╌╌╌╌╌╌╌╌╌┼╌╌╌╌╌╌╌╌╌╌╌╌╌╌╌┼╌╌╌╌╌╌╌┼╌╌╌╌╌╌╌╌╌┼╌╌╌╌╌╌╌╌╌╌╌╌╌┤
│ CHMK   ┆ materials ┆ 8.9076e6     ┆ 1713.0        ┆ 1.0   ┆ 5200.0  ┆ 5.0         │
├╌╌╌╌╌╌╌╌┼╌╌╌╌╌╌╌╌╌╌╌┼╌╌╌╌╌╌╌╌╌╌╌╌╌╌┼╌╌╌╌╌╌╌╌╌╌╌╌╌╌╌┼╌╌╌╌╌╌╌┼╌╌╌╌╌╌╌╌╌┼╌╌╌╌╌╌╌╌╌╌╌╌╌┤
│ AKRN   ┆ materials ┆ 2.6536992e7  ┆ 1446.0        ┆ 1.0   ┆ 18352.0 ┆ 2.0         │
├╌╌╌╌╌╌╌╌┼╌╌╌╌╌╌╌╌╌╌╌┼╌╌╌╌╌╌╌╌╌╌╌╌╌╌┼╌╌╌╌╌╌╌╌╌╌╌╌╌╌╌┼╌╌╌╌╌╌╌┼╌╌╌╌╌╌╌╌╌┼╌╌╌╌╌╌╌╌╌╌╌╌╌┤
│ KAZTP  ┆ materials ┆ 5.916472e6   ┆ 1084.0        ┆ 10.0  ┆ 5458.0  ┆ 2.0         │
├╌╌╌╌╌╌╌╌┼╌╌╌╌╌╌╌╌╌╌╌┼╌╌╌╌╌╌╌╌╌╌╌╌╌╌┼╌╌╌╌╌╌╌╌╌╌╌╌╌╌╌┼╌╌╌╌╌╌╌┼╌╌╌╌╌╌╌╌╌┼╌╌╌╌╌╌╌╌╌╌╌╌╌┤
│ UNKL   ┆ materials ┆ 5.70764e6    ┆ 586.0         ┆ 1.0   ┆ 9740.0  ┆ 10.0        │
├╌╌╌╌╌╌╌╌┼╌╌╌╌╌╌╌╌╌╌╌┼╌╌╌╌╌╌╌╌╌╌╌╌╌╌┼╌╌╌╌╌╌╌╌╌╌╌╌╌╌╌┼╌╌╌╌╌╌╌┼╌╌╌╌╌╌╌╌╌┼╌╌╌╌╌╌╌╌╌╌╌╌╌┤
│ VSMO   ┆ materials ┆ 9.54684e6    ┆ 207.0         ┆ 1.0   ┆ 46120.0 ┆ 20.0        │
└────────┴───────────┴──────────────┴───────────────┴───────┴─────────┴─────────────┘
shape: (14, 7)
┌────────┬─────────────┬─────────────┬───────────────┬────────┬─────────┬─────────────┐
│ ticker ┆ sector      ┆ t           ┆ median volume ┆ lot    ┆ price   ┆ minPriceInc │
│ ---    ┆ ---         ┆ ---         ┆ ---           ┆ ---    ┆ ---     ┆ ---         │
│ str    ┆ str         ┆ f64         ┆ f64           ┆ f64    ┆ f64     ┆ f64         │
╞════════╪═════════════╪═════════════╪═══════════════╪════════╪═════════╪═════════════╡
│ GRNT   ┆ industrials ┆ 1.8627e7    ┆ 985563.0      ┆ 100.0  ┆ 18.9    ┆ 0.05        │
├╌╌╌╌╌╌╌╌┼╌╌╌╌╌╌╌╌╌╌╌╌╌┼╌╌╌╌╌╌╌╌╌╌╌╌╌┼╌╌╌╌╌╌╌╌╌╌╌╌╌╌╌┼╌╌╌╌╌╌╌╌┼╌╌╌╌╌╌╌╌╌┼╌╌╌╌╌╌╌╌╌╌╌╌╌┤
│ UWGN   ┆ industrials ┆ 5.4575e7    ┆ 506262.0      ┆ 1.0    ┆ 107.8   ┆ 0.1         │
├╌╌╌╌╌╌╌╌┼╌╌╌╌╌╌╌╌╌╌╌╌╌┼╌╌╌╌╌╌╌╌╌╌╌╌╌┼╌╌╌╌╌╌╌╌╌╌╌╌╌╌╌┼╌╌╌╌╌╌╌╌┼╌╌╌╌╌╌╌╌╌┼╌╌╌╌╌╌╌╌╌╌╌╌╌┤
│ FLOT   ┆ industrials ┆ 2.612737e8  ┆ 445100.0      ┆ 10.0   ┆ 587.0   ┆ 0.1         │
├╌╌╌╌╌╌╌╌┼╌╌╌╌╌╌╌╌╌╌╌╌╌┼╌╌╌╌╌╌╌╌╌╌╌╌╌┼╌╌╌╌╌╌╌╌╌╌╌╌╌╌╌┼╌╌╌╌╌╌╌╌┼╌╌╌╌╌╌╌╌╌┼╌╌╌╌╌╌╌╌╌╌╌╌╌┤
│ GLTR   ┆ industrials ┆ 6.9715e7    ┆ 182381.0      ┆ 1.0    ┆ 382.25  ┆ 0.05        │
├╌╌╌╌╌╌╌╌┼╌╌╌╌╌╌╌╌╌╌╌╌╌┼╌╌╌╌╌╌╌╌╌╌╌╌╌┼╌╌╌╌╌╌╌╌╌╌╌╌╌╌╌┼╌╌╌╌╌╌╌╌┼╌╌╌╌╌╌╌╌╌┼╌╌╌╌╌╌╌╌╌╌╌╌╌┤
│ NMTP   ┆ industrials ┆ 5.1018957e7 ┆ 84051.0       ┆ 100.0  ┆ 607.0   ┆ 0.5         │
├╌╌╌╌╌╌╌╌┼╌╌╌╌╌╌╌╌╌╌╌╌╌┼╌╌╌╌╌╌╌╌╌╌╌╌╌┼╌╌╌╌╌╌╌╌╌╌╌╌╌╌╌┼╌╌╌╌╌╌╌╌┼╌╌╌╌╌╌╌╌╌┼╌╌╌╌╌╌╌╌╌╌╌╌╌┤
│ TRMK   ┆ industrials ┆ 5.1104e7    ┆ 55986.5       ┆ 10.0   ┆ 912.8   ┆ 0.2         │
├╌╌╌╌╌╌╌╌┼╌╌╌╌╌╌╌╌╌╌╌╌╌┼╌╌╌╌╌╌╌╌╌╌╌╌╌┼╌╌╌╌╌╌╌╌╌╌╌╌╌╌╌┼╌╌╌╌╌╌╌╌┼╌╌╌╌╌╌╌╌╌┼╌╌╌╌╌╌╌╌╌╌╌╌╌┤
│ KMAZ   ┆ industrials ┆ 4.2801654e7 ┆ 38946.0       ┆ 10.0   ┆ 1099.0  ┆ 1.0         │
├╌╌╌╌╌╌╌╌┼╌╌╌╌╌╌╌╌╌╌╌╌╌┼╌╌╌╌╌╌╌╌╌╌╌╌╌┼╌╌╌╌╌╌╌╌╌╌╌╌╌╌╌┼╌╌╌╌╌╌╌╌┼╌╌╌╌╌╌╌╌╌┼╌╌╌╌╌╌╌╌╌╌╌╌╌┤
│ MSTT   ┆ industrials ┆ 5.881386e7  ┆ 32620.0       ┆ 10.0   ┆ 1803.0  ┆ 0.5         │
├╌╌╌╌╌╌╌╌┼╌╌╌╌╌╌╌╌╌╌╌╌╌┼╌╌╌╌╌╌╌╌╌╌╌╌╌┼╌╌╌╌╌╌╌╌╌╌╌╌╌╌╌┼╌╌╌╌╌╌╌╌┼╌╌╌╌╌╌╌╌╌┼╌╌╌╌╌╌╌╌╌╌╌╌╌┤
│ GTRK   ┆ industrials ┆ 2.0377861e7 ┆ 28823.0       ┆ 10.0   ┆ 707.0   ┆ 0.5         │
├╌╌╌╌╌╌╌╌┼╌╌╌╌╌╌╌╌╌╌╌╌╌┼╌╌╌╌╌╌╌╌╌╌╌╌╌┼╌╌╌╌╌╌╌╌╌╌╌╌╌╌╌┼╌╌╌╌╌╌╌╌┼╌╌╌╌╌╌╌╌╌┼╌╌╌╌╌╌╌╌╌╌╌╌╌┤
│ UNAC   ┆ industrials ┆ 1.4310e7    ┆ 20399.0       ┆ 1000.0 ┆ 701.5   ┆ 0.5         │
├╌╌╌╌╌╌╌╌┼╌╌╌╌╌╌╌╌╌╌╌╌╌┼╌╌╌╌╌╌╌╌╌╌╌╌╌┼╌╌╌╌╌╌╌╌╌╌╌╌╌╌╌┼╌╌╌╌╌╌╌╌┼╌╌╌╌╌╌╌╌╌┼╌╌╌╌╌╌╌╌╌╌╌╌╌┤
│ IRKT   ┆ industrials ┆ 4.91075e7   ┆ 8125.0        ┆ 100.0  ┆ 6044.0  ┆ 2.0         │
├╌╌╌╌╌╌╌╌┼╌╌╌╌╌╌╌╌╌╌╌╌╌┼╌╌╌╌╌╌╌╌╌╌╌╌╌┼╌╌╌╌╌╌╌╌╌╌╌╌╌╌╌┼╌╌╌╌╌╌╌╌┼╌╌╌╌╌╌╌╌╌┼╌╌╌╌╌╌╌╌╌╌╌╌╌┤
│ FESH   ┆ industrials ┆ 2.4813048e7 ┆ 7122.0        ┆ 100.0  ┆ 3484.0  ┆ 1.0         │
├╌╌╌╌╌╌╌╌┼╌╌╌╌╌╌╌╌╌╌╌╌╌┼╌╌╌╌╌╌╌╌╌╌╌╌╌┼╌╌╌╌╌╌╌╌╌╌╌╌╌╌╌┼╌╌╌╌╌╌╌╌┼╌╌╌╌╌╌╌╌╌┼╌╌╌╌╌╌╌╌╌╌╌╌╌┤
│ NKHP   ┆ industrials ┆ 7.13648e6   ┆ 1898.0        ┆ 10.0   ┆ 3760.0  ┆ 5.0         │
├╌╌╌╌╌╌╌╌┼╌╌╌╌╌╌╌╌╌╌╌╌╌┼╌╌╌╌╌╌╌╌╌╌╌╌╌┼╌╌╌╌╌╌╌╌╌╌╌╌╌╌╌┼╌╌╌╌╌╌╌╌┼╌╌╌╌╌╌╌╌╌┼╌╌╌╌╌╌╌╌╌╌╌╌╌┤
│ RKKE   ┆ industrials ┆ 1.050716e7  ┆ 757.0         ┆ 1.0    ┆ 13880.0 ┆ 10.0        │
└────────┴─────────────┴─────────────┴───────────────┴────────┴─────────┴─────────────┘
shape: (19, 7)
┌────────┬──────────┬──────────────┬───────────────┬──────┬─────────┬─────────────┐
│ ticker ┆ sector   ┆ t            ┆ median volume ┆ lot  ┆ price   ┆ minPriceInc │
│ ---    ┆ ---      ┆ ---          ┆ ---           ┆ ---  ┆ ---     ┆ ---         │
│ str    ┆ str      ┆ f64          ┆ f64           ┆ f64  ┆ f64     ┆ f64         │
╞════════╪══════════╪══════════════╪═══════════════╪══════╪═════════╪═════════════╡
│ AFLT   ┆ consumer ┆ 1.204354e8   ┆ 426320.0      ┆ 10.0 ┆ 282.5   ┆ 0.2         │
├╌╌╌╌╌╌╌╌┼╌╌╌╌╌╌╌╌╌╌┼╌╌╌╌╌╌╌╌╌╌╌╌╌╌┼╌╌╌╌╌╌╌╌╌╌╌╌╌╌╌┼╌╌╌╌╌╌┼╌╌╌╌╌╌╌╌╌┼╌╌╌╌╌╌╌╌╌╌╌╌╌┤
│ ORUP   ┆ consumer ┆ 3.6483993e7  ┆ 400923.0      ┆ 10.0 ┆ 91.0    ┆ 0.2         │
├╌╌╌╌╌╌╌╌┼╌╌╌╌╌╌╌╌╌╌┼╌╌╌╌╌╌╌╌╌╌╌╌╌╌┼╌╌╌╌╌╌╌╌╌╌╌╌╌╌╌┼╌╌╌╌╌╌┼╌╌╌╌╌╌╌╌╌┼╌╌╌╌╌╌╌╌╌╌╌╌╌┤
│ APTK   ┆ consumer ┆ 1.7028e7     ┆ 134653.0      ┆ 10.0 ┆ 126.46  ┆ 0.02        │
├╌╌╌╌╌╌╌╌┼╌╌╌╌╌╌╌╌╌╌┼╌╌╌╌╌╌╌╌╌╌╌╌╌╌┼╌╌╌╌╌╌╌╌╌╌╌╌╌╌╌┼╌╌╌╌╌╌┼╌╌╌╌╌╌╌╌╌┼╌╌╌╌╌╌╌╌╌╌╌╌╌┤
│ MVID   ┆ consumer ┆ 2.1935555e7  ┆ 122545.0      ┆ 1.0  ┆ 179.0   ┆ 0.1         │
├╌╌╌╌╌╌╌╌┼╌╌╌╌╌╌╌╌╌╌┼╌╌╌╌╌╌╌╌╌╌╌╌╌╌┼╌╌╌╌╌╌╌╌╌╌╌╌╌╌╌┼╌╌╌╌╌╌┼╌╌╌╌╌╌╌╌╌┼╌╌╌╌╌╌╌╌╌╌╌╌╌┤
│ OZON   ┆ consumer ┆ 1.86145596e8 ┆ 113642.0      ┆ 1.0  ┆ 1638.0  ┆ 0.5         │
├╌╌╌╌╌╌╌╌┼╌╌╌╌╌╌╌╌╌╌┼╌╌╌╌╌╌╌╌╌╌╌╌╌╌┼╌╌╌╌╌╌╌╌╌╌╌╌╌╌╌┼╌╌╌╌╌╌┼╌╌╌╌╌╌╌╌╌┼╌╌╌╌╌╌╌╌╌╌╌╌╌┤
│ RUGR   ┆ consumer ┆ 1.6077e7     ┆ 86764.0       ┆ 10.0 ┆ 185.3   ┆ 0.02        │
├╌╌╌╌╌╌╌╌┼╌╌╌╌╌╌╌╌╌╌┼╌╌╌╌╌╌╌╌╌╌╌╌╌╌┼╌╌╌╌╌╌╌╌╌╌╌╌╌╌╌┼╌╌╌╌╌╌┼╌╌╌╌╌╌╌╌╌┼╌╌╌╌╌╌╌╌╌╌╌╌╌┤
│ MGNT   ┆ consumer ┆ 3.8900e8     ┆ 86665.0       ┆ 1.0  ┆ 4488.5  ┆ 0.5         │
├╌╌╌╌╌╌╌╌┼╌╌╌╌╌╌╌╌╌╌┼╌╌╌╌╌╌╌╌╌╌╌╌╌╌┼╌╌╌╌╌╌╌╌╌╌╌╌╌╌╌┼╌╌╌╌╌╌┼╌╌╌╌╌╌╌╌╌┼╌╌╌╌╌╌╌╌╌╌╌╌╌┤
│ FIVE   ┆ consumer ┆ 6.6125092e7  ┆ 45793.0       ┆ 1.0  ┆ 1444.0  ┆ 0.5         │
├╌╌╌╌╌╌╌╌┼╌╌╌╌╌╌╌╌╌╌┼╌╌╌╌╌╌╌╌╌╌╌╌╌╌┼╌╌╌╌╌╌╌╌╌╌╌╌╌╌╌┼╌╌╌╌╌╌┼╌╌╌╌╌╌╌╌╌┼╌╌╌╌╌╌╌╌╌╌╌╌╌┤
│ AGRO   ┆ consumer ┆ 2.5325696e7  ┆ 35974.0       ┆ 1.0  ┆ 704.0   ┆ 0.2         │
├╌╌╌╌╌╌╌╌┼╌╌╌╌╌╌╌╌╌╌┼╌╌╌╌╌╌╌╌╌╌╌╌╌╌┼╌╌╌╌╌╌╌╌╌╌╌╌╌╌╌┼╌╌╌╌╌╌┼╌╌╌╌╌╌╌╌╌┼╌╌╌╌╌╌╌╌╌╌╌╌╌┤
│ FIXP   ┆ consumer ┆ 1.0838e7     ┆ 31672.0       ┆ 1.0  ┆ 342.2   ┆ 0.1         │
├╌╌╌╌╌╌╌╌┼╌╌╌╌╌╌╌╌╌╌┼╌╌╌╌╌╌╌╌╌╌╌╌╌╌┼╌╌╌╌╌╌╌╌╌╌╌╌╌╌╌┼╌╌╌╌╌╌┼╌╌╌╌╌╌╌╌╌┼╌╌╌╌╌╌╌╌╌╌╌╌╌┤
│ BELU   ┆ consumer ┆ 9.7787084e7  ┆ 27476.0       ┆ 1.0  ┆ 3559.0  ┆ 1.0         │
├╌╌╌╌╌╌╌╌┼╌╌╌╌╌╌╌╌╌╌┼╌╌╌╌╌╌╌╌╌╌╌╌╌╌┼╌╌╌╌╌╌╌╌╌╌╌╌╌╌╌┼╌╌╌╌╌╌┼╌╌╌╌╌╌╌╌╌┼╌╌╌╌╌╌╌╌╌╌╌╌╌┤
│ DSKY   ┆ consumer ┆ 1.9810208e7  ┆ 26960.0       ┆ 10.0 ┆ 734.8   ┆ 0.2         │
├╌╌╌╌╌╌╌╌┼╌╌╌╌╌╌╌╌╌╌┼╌╌╌╌╌╌╌╌╌╌╌╌╌╌┼╌╌╌╌╌╌╌╌╌╌╌╌╌╌╌┼╌╌╌╌╌╌┼╌╌╌╌╌╌╌╌╌┼╌╌╌╌╌╌╌╌╌╌╌╌╌┤
│ OKEY   ┆ consumer ┆ 6.788588e6   ┆ 26120.0       ┆ 10.0 ┆ 259.9   ┆ 0.1         │
├╌╌╌╌╌╌╌╌┼╌╌╌╌╌╌╌╌╌╌┼╌╌╌╌╌╌╌╌╌╌╌╌╌╌┼╌╌╌╌╌╌╌╌╌╌╌╌╌╌╌┼╌╌╌╌╌╌┼╌╌╌╌╌╌╌╌╌┼╌╌╌╌╌╌╌╌╌╌╌╌╌┤
│ AQUA   ┆ consumer ┆ 1.2101e7     ┆ 19676.5       ┆ 1.0  ┆ 615.0   ┆ 0.5         │
├╌╌╌╌╌╌╌╌┼╌╌╌╌╌╌╌╌╌╌┼╌╌╌╌╌╌╌╌╌╌╌╌╌╌┼╌╌╌╌╌╌╌╌╌╌╌╌╌╌╌┼╌╌╌╌╌╌┼╌╌╌╌╌╌╌╌╌┼╌╌╌╌╌╌╌╌╌╌╌╌╌┤
│ ABRD   ┆ consumer ┆ 3.544394e7   ┆ 17332.0       ┆ 10.0 ┆ 2045.0  ┆ 5.0         │
├╌╌╌╌╌╌╌╌┼╌╌╌╌╌╌╌╌╌╌┼╌╌╌╌╌╌╌╌╌╌╌╌╌╌┼╌╌╌╌╌╌╌╌╌╌╌╌╌╌╌┼╌╌╌╌╌╌┼╌╌╌╌╌╌╌╌╌┼╌╌╌╌╌╌╌╌╌╌╌╌╌┤
│ LENT   ┆ consumer ┆ 7.081492e6   ┆ 9988.0        ┆ 1.0  ┆ 709.0   ┆ 0.5         │
├╌╌╌╌╌╌╌╌┼╌╌╌╌╌╌╌╌╌╌┼╌╌╌╌╌╌╌╌╌╌╌╌╌╌┼╌╌╌╌╌╌╌╌╌╌╌╌╌╌╌┼╌╌╌╌╌╌┼╌╌╌╌╌╌╌╌╌┼╌╌╌╌╌╌╌╌╌╌╌╌╌┤
│ GCHE   ┆ consumer ┆ 1.57884e7    ┆ 5352.0        ┆ 1.0  ┆ 2950.0  ┆ 0.5         │
├╌╌╌╌╌╌╌╌┼╌╌╌╌╌╌╌╌╌╌┼╌╌╌╌╌╌╌╌╌╌╌╌╌╌┼╌╌╌╌╌╌╌╌╌╌╌╌╌╌╌┼╌╌╌╌╌╌┼╌╌╌╌╌╌╌╌╌┼╌╌╌╌╌╌╌╌╌╌╌╌╌┤
│ SVAV   ┆ consumer ┆ 9.5319e6     ┆ 4005.0        ┆ 10.0 ┆ 2380.0  ┆ 5.0         │
├╌╌╌╌╌╌╌╌┼╌╌╌╌╌╌╌╌╌╌┼╌╌╌╌╌╌╌╌╌╌╌╌╌╌┼╌╌╌╌╌╌╌╌╌╌╌╌╌╌╌┼╌╌╌╌╌╌┼╌╌╌╌╌╌╌╌╌┼╌╌╌╌╌╌╌╌╌╌╌╌╌┤
│ KROT   ┆ consumer ┆ 6.23024e7    ┆ 3386.0        ┆ 10.0 ┆ 18400.0 ┆ 5.0         │
└────────┴──────────┴──────────────┴───────────────┴──────┴─────────┴─────────────┘
shape: (31, 7)
┌────────┬───────────┬─────────────┬───────────────┬──────────┬────────┬─────────────┐
│ ticker ┆ sector    ┆ t           ┆ median volume ┆ lot      ┆ price  ┆ minPriceInc │
│ ---    ┆ ---       ┆ ---         ┆ ---           ┆ ---      ┆ ---    ┆ ---         │
│ str    ┆ str       ┆ f64         ┆ f64           ┆ f64      ┆ f64    ┆ f64         │
╞════════╪═══════════╪═════════════╪═══════════════╪══════════╪════════╪═════════════╡
│ IRAO   ┆ utilities ┆ 1.2841e8    ┆ 382557.0      ┆ 100.0    ┆ 335.65 ┆ 0.05        │
├╌╌╌╌╌╌╌╌┼╌╌╌╌╌╌╌╌╌╌╌┼╌╌╌╌╌╌╌╌╌╌╌╌╌┼╌╌╌╌╌╌╌╌╌╌╌╌╌╌╌┼╌╌╌╌╌╌╌╌╌╌┼╌╌╌╌╌╌╌╌┼╌╌╌╌╌╌╌╌╌╌╌╌╌┤
│ OGKB   ┆ utilities ┆ 6.0558188e7 ┆ 94210.0       ┆ 1000.0   ┆ 642.8  ┆ 0.1         │
├╌╌╌╌╌╌╌╌┼╌╌╌╌╌╌╌╌╌╌╌┼╌╌╌╌╌╌╌╌╌╌╌╌╌┼╌╌╌╌╌╌╌╌╌╌╌╌╌╌╌┼╌╌╌╌╌╌╌╌╌╌┼╌╌╌╌╌╌╌╌┼╌╌╌╌╌╌╌╌╌╌╌╌╌┤
│ MRKC   ┆ utilities ┆ 2.2121e7    ┆ 81808.0       ┆ 1000.0   ┆ 270.4  ┆ 0.2         │
├╌╌╌╌╌╌╌╌┼╌╌╌╌╌╌╌╌╌╌╌┼╌╌╌╌╌╌╌╌╌╌╌╌╌┼╌╌╌╌╌╌╌╌╌╌╌╌╌╌╌┼╌╌╌╌╌╌╌╌╌╌┼╌╌╌╌╌╌╌╌┼╌╌╌╌╌╌╌╌╌╌╌╌╌┤
│ FEES   ┆ utilities ┆ 6.5012e7    ┆ 72348.0       ┆ 10000.0  ┆ 898.6  ┆ 0.2         │
├╌╌╌╌╌╌╌╌┼╌╌╌╌╌╌╌╌╌╌╌┼╌╌╌╌╌╌╌╌╌╌╌╌╌┼╌╌╌╌╌╌╌╌╌╌╌╌╌╌╌┼╌╌╌╌╌╌╌╌╌╌┼╌╌╌╌╌╌╌╌┼╌╌╌╌╌╌╌╌╌╌╌╌╌┤
│ TGKA   ┆ utilities ┆ 3.6298992e7 ┆ 45148.0       ┆ 100000.0 ┆ 804.0  ┆ 0.2         │
├╌╌╌╌╌╌╌╌┼╌╌╌╌╌╌╌╌╌╌╌┼╌╌╌╌╌╌╌╌╌╌╌╌╌┼╌╌╌╌╌╌╌╌╌╌╌╌╌╌╌┼╌╌╌╌╌╌╌╌╌╌┼╌╌╌╌╌╌╌╌┼╌╌╌╌╌╌╌╌╌╌╌╌╌┤
│ KLSB   ┆ utilities ┆ 7.5207152e7 ┆ 44554.0       ┆ 100.0    ┆ 1688.0 ┆ 1.0         │
├╌╌╌╌╌╌╌╌┼╌╌╌╌╌╌╌╌╌╌╌┼╌╌╌╌╌╌╌╌╌╌╌╌╌┼╌╌╌╌╌╌╌╌╌╌╌╌╌╌╌┼╌╌╌╌╌╌╌╌╌╌┼╌╌╌╌╌╌╌╌┼╌╌╌╌╌╌╌╌╌╌╌╌╌┤
│ UPRO   ┆ utilities ┆ 7.013967e7  ┆ 42690.0       ┆ 1000.0   ┆ 1643.0 ┆ 1.0         │
├╌╌╌╌╌╌╌╌┼╌╌╌╌╌╌╌╌╌╌╌┼╌╌╌╌╌╌╌╌╌╌╌╌╌┼╌╌╌╌╌╌╌╌╌╌╌╌╌╌╌┼╌╌╌╌╌╌╌╌╌╌┼╌╌╌╌╌╌╌╌┼╌╌╌╌╌╌╌╌╌╌╌╌╌┤
│ HYDR   ┆ utilities ┆ 3.0666e7    ┆ 39564.0       ┆ 1000.0   ┆ 775.1  ┆ 0.1         │
├╌╌╌╌╌╌╌╌┼╌╌╌╌╌╌╌╌╌╌╌┼╌╌╌╌╌╌╌╌╌╌╌╌╌┼╌╌╌╌╌╌╌╌╌╌╌╌╌╌╌┼╌╌╌╌╌╌╌╌╌╌┼╌╌╌╌╌╌╌╌┼╌╌╌╌╌╌╌╌╌╌╌╌╌┤
│ ENRU   ┆ utilities ┆ 2.1366e7    ┆ 39004.0       ┆ 1000.0   ┆ 547.8  ┆ 0.2         │
├╌╌╌╌╌╌╌╌┼╌╌╌╌╌╌╌╌╌╌╌┼╌╌╌╌╌╌╌╌╌╌╌╌╌┼╌╌╌╌╌╌╌╌╌╌╌╌╌╌╌┼╌╌╌╌╌╌╌╌╌╌┼╌╌╌╌╌╌╌╌┼╌╌╌╌╌╌╌╌╌╌╌╌╌┤
│ LSNG   ┆ utilities ┆ 3.1922565e7 ┆ 28785.0       ┆ 100.0    ┆ 1109.0 ┆ 1.0         │
├╌╌╌╌╌╌╌╌┼╌╌╌╌╌╌╌╌╌╌╌┼╌╌╌╌╌╌╌╌╌╌╌╌╌┼╌╌╌╌╌╌╌╌╌╌╌╌╌╌╌┼╌╌╌╌╌╌╌╌╌╌┼╌╌╌╌╌╌╌╌┼╌╌╌╌╌╌╌╌╌╌╌╌╌┤
│ MRKV   ┆ utilities ┆ 8.64506e6   ┆ 27620.0       ┆ 10000.0  ┆ 313.0  ┆ 0.5         │
├╌╌╌╌╌╌╌╌┼╌╌╌╌╌╌╌╌╌╌╌┼╌╌╌╌╌╌╌╌╌╌╌╌╌┼╌╌╌╌╌╌╌╌╌╌╌╌╌╌╌┼╌╌╌╌╌╌╌╌╌╌┼╌╌╌╌╌╌╌╌┼╌╌╌╌╌╌╌╌╌╌╌╌╌┤
│ MRKZ   ┆ utilities ┆ 5.612849e6  ┆ 18194.0       ┆ 10000.0  ┆ 308.5  ┆ 0.5         │
├╌╌╌╌╌╌╌╌┼╌╌╌╌╌╌╌╌╌╌╌┼╌╌╌╌╌╌╌╌╌╌╌╌╌┼╌╌╌╌╌╌╌╌╌╌╌╌╌╌╌┼╌╌╌╌╌╌╌╌╌╌┼╌╌╌╌╌╌╌╌┼╌╌╌╌╌╌╌╌╌╌╌╌╌┤
│ TGKBP  ┆ utilities ┆ 1.9790135e7 ┆ 17749.0       ┆ 100000.0 ┆ 1115.0 ┆ 1.0         │
├╌╌╌╌╌╌╌╌┼╌╌╌╌╌╌╌╌╌╌╌┼╌╌╌╌╌╌╌╌╌╌╌╌╌┼╌╌╌╌╌╌╌╌╌╌╌╌╌╌╌┼╌╌╌╌╌╌╌╌╌╌┼╌╌╌╌╌╌╌╌┼╌╌╌╌╌╌╌╌╌╌╌╌╌┤
│ MSNG   ┆ utilities ┆ 3.8099e7    ┆ 17393.0       ┆ 1000.0   ┆ 2190.5 ┆ 0.5         │
├╌╌╌╌╌╌╌╌┼╌╌╌╌╌╌╌╌╌╌╌┼╌╌╌╌╌╌╌╌╌╌╌╌╌┼╌╌╌╌╌╌╌╌╌╌╌╌╌╌╌┼╌╌╌╌╌╌╌╌╌╌┼╌╌╌╌╌╌╌╌┼╌╌╌╌╌╌╌╌╌╌╌╌╌┤
│ MRKP   ┆ utilities ┆ 2.8912678e7 ┆ 14159.0       ┆ 10000.0  ┆ 2042.0 ┆ 1.0         │
├╌╌╌╌╌╌╌╌┼╌╌╌╌╌╌╌╌╌╌╌┼╌╌╌╌╌╌╌╌╌╌╌╌╌┼╌╌╌╌╌╌╌╌╌╌╌╌╌╌╌┼╌╌╌╌╌╌╌╌╌╌┼╌╌╌╌╌╌╌╌┼╌╌╌╌╌╌╌╌╌╌╌╌╌┤
│ LSNGP  ┆ utilities ┆ 1.9070815e7 ┆ 14090.0       ┆ 10.0     ┆ 1353.5 ┆ 0.5         │
├╌╌╌╌╌╌╌╌┼╌╌╌╌╌╌╌╌╌╌╌┼╌╌╌╌╌╌╌╌╌╌╌╌╌┼╌╌╌╌╌╌╌╌╌╌╌╌╌╌╌┼╌╌╌╌╌╌╌╌╌╌┼╌╌╌╌╌╌╌╌┼╌╌╌╌╌╌╌╌╌╌╌╌╌┤
│ DVEC   ┆ utilities ┆ 2.0464809e7 ┆ 13263.0       ┆ 1000.0   ┆ 1543.0 ┆ 1.0         │
├╌╌╌╌╌╌╌╌┼╌╌╌╌╌╌╌╌╌╌╌┼╌╌╌╌╌╌╌╌╌╌╌╌╌┼╌╌╌╌╌╌╌╌╌╌╌╌╌╌╌┼╌╌╌╌╌╌╌╌╌╌┼╌╌╌╌╌╌╌╌┼╌╌╌╌╌╌╌╌╌╌╌╌╌┤
│ MRKY   ┆ utilities ┆ 4.602608e6  ┆ 11104.0       ┆ 10000.0  ┆ 414.5  ┆ 0.5         │
├╌╌╌╌╌╌╌╌┼╌╌╌╌╌╌╌╌╌╌╌┼╌╌╌╌╌╌╌╌╌╌╌╌╌┼╌╌╌╌╌╌╌╌╌╌╌╌╌╌╌┼╌╌╌╌╌╌╌╌╌╌┼╌╌╌╌╌╌╌╌┼╌╌╌╌╌╌╌╌╌╌╌╌╌┤
│ VRSB   ┆ utilities ┆ 2.5430952e7 ┆ 9076.0        ┆ 10.0     ┆ 2802.0 ┆ 2.0         │
├╌╌╌╌╌╌╌╌┼╌╌╌╌╌╌╌╌╌╌╌┼╌╌╌╌╌╌╌╌╌╌╌╌╌┼╌╌╌╌╌╌╌╌╌╌╌╌╌╌╌┼╌╌╌╌╌╌╌╌╌╌┼╌╌╌╌╌╌╌╌┼╌╌╌╌╌╌╌╌╌╌╌╌╌┤
│ MSRS   ┆ utilities ┆ 4.555398e6  ┆ 4677.0        ┆ 1000.0   ┆ 974.0  ┆ 0.5         │
├╌╌╌╌╌╌╌╌┼╌╌╌╌╌╌╌╌╌╌╌┼╌╌╌╌╌╌╌╌╌╌╌╌╌┼╌╌╌╌╌╌╌╌╌╌╌╌╌╌╌┼╌╌╌╌╌╌╌╌╌╌┼╌╌╌╌╌╌╌╌┼╌╌╌╌╌╌╌╌╌╌╌╌╌┤
│ PMSB   ┆ utilities ┆ 5.141605e6  ┆ 3583.0        ┆ 10.0     ┆ 1435.0 ┆ 1.0         │
├╌╌╌╌╌╌╌╌┼╌╌╌╌╌╌╌╌╌╌╌┼╌╌╌╌╌╌╌╌╌╌╌╌╌┼╌╌╌╌╌╌╌╌╌╌╌╌╌╌╌┼╌╌╌╌╌╌╌╌╌╌┼╌╌╌╌╌╌╌╌┼╌╌╌╌╌╌╌╌╌╌╌╌╌┤
│ TGKB   ┆ utilities ┆ 1.51182e7   ┆ 3330.0        ┆ 1e6      ┆ 4540.0 ┆ 5.0         │
├╌╌╌╌╌╌╌╌┼╌╌╌╌╌╌╌╌╌╌╌┼╌╌╌╌╌╌╌╌╌╌╌╌╌┼╌╌╌╌╌╌╌╌╌╌╌╌╌╌╌┼╌╌╌╌╌╌╌╌╌╌┼╌╌╌╌╌╌╌╌┼╌╌╌╌╌╌╌╌╌╌╌╌╌┤
│ MRKU   ┆ utilities ┆ 6.050268e6  ┆ 3171.0        ┆ 10000.0  ┆ 1908.0 ┆ 2.0         │
├╌╌╌╌╌╌╌╌┼╌╌╌╌╌╌╌╌╌╌╌┼╌╌╌╌╌╌╌╌╌╌╌╌╌┼╌╌╌╌╌╌╌╌╌╌╌╌╌╌╌┼╌╌╌╌╌╌╌╌╌╌┼╌╌╌╌╌╌╌╌┼╌╌╌╌╌╌╌╌╌╌╌╌╌┤
│ PMSBP  ┆ utilities ┆ 3.21048e6   ┆ 2205.0        ┆ 10.0     ┆ 1456.0 ┆ 2.0         │
├╌╌╌╌╌╌╌╌┼╌╌╌╌╌╌╌╌╌╌╌┼╌╌╌╌╌╌╌╌╌╌╌╌╌┼╌╌╌╌╌╌╌╌╌╌╌╌╌╌╌┼╌╌╌╌╌╌╌╌╌╌┼╌╌╌╌╌╌╌╌┼╌╌╌╌╌╌╌╌╌╌╌╌╌┤
│ TGKN   ┆ utilities ┆ 7.73344e6   ┆ 2197.0        ┆ 1e6      ┆ 3520.0 ┆ 10.0        │
├╌╌╌╌╌╌╌╌┼╌╌╌╌╌╌╌╌╌╌╌┼╌╌╌╌╌╌╌╌╌╌╌╌╌┼╌╌╌╌╌╌╌╌╌╌╌╌╌╌╌┼╌╌╌╌╌╌╌╌╌╌┼╌╌╌╌╌╌╌╌┼╌╌╌╌╌╌╌╌╌╌╌╌╌┤
│ MRKS   ┆ utilities ┆ 3.6594e6    ┆ 1140.0        ┆ 10000.0  ┆ 3210.0 ┆ 5.0         │
├╌╌╌╌╌╌╌╌┼╌╌╌╌╌╌╌╌╌╌╌┼╌╌╌╌╌╌╌╌╌╌╌╌╌┼╌╌╌╌╌╌╌╌╌╌╌╌╌╌╌┼╌╌╌╌╌╌╌╌╌╌┼╌╌╌╌╌╌╌╌┼╌╌╌╌╌╌╌╌╌╌╌╌╌┤
│ IRGZ   ┆ utilities ┆ 0.0         ┆ 0.0           ┆ 100.0    ┆ 1402.0 ┆ 2.0         │
├╌╌╌╌╌╌╌╌┼╌╌╌╌╌╌╌╌╌╌╌┼╌╌╌╌╌╌╌╌╌╌╌╌╌┼╌╌╌╌╌╌╌╌╌╌╌╌╌╌╌┼╌╌╌╌╌╌╌╌╌╌┼╌╌╌╌╌╌╌╌┼╌╌╌╌╌╌╌╌╌╌╌╌╌┤
│ RSTIP  ┆ utilities ┆ 0.0         ┆ 0.0           ┆ 1000.0   ┆ 1123.0 ┆ 1.0         │
├╌╌╌╌╌╌╌╌┼╌╌╌╌╌╌╌╌╌╌╌┼╌╌╌╌╌╌╌╌╌╌╌╌╌┼╌╌╌╌╌╌╌╌╌╌╌╌╌╌╌┼╌╌╌╌╌╌╌╌╌╌┼╌╌╌╌╌╌╌╌┼╌╌╌╌╌╌╌╌╌╌╌╌╌┤
│ RSTI   ┆ utilities ┆ 0.0         ┆ 0.0           ┆ 1000.0   ┆ 558.8  ┆ 0.1         │
├╌╌╌╌╌╌╌╌┼╌╌╌╌╌╌╌╌╌╌╌┼╌╌╌╌╌╌╌╌╌╌╌╌╌┼╌╌╌╌╌╌╌╌╌╌╌╌╌╌╌┼╌╌╌╌╌╌╌╌╌╌┼╌╌╌╌╌╌╌╌┼╌╌╌╌╌╌╌╌╌╌╌╌╌┤
│ TGKD   ┆ utilities ┆ 0.0         ┆ 0.0           ┆ 100000.0 ┆ 1294.5 ┆ 0.5         │
├╌╌╌╌╌╌╌╌┼╌╌╌╌╌╌╌╌╌╌╌┼╌╌╌╌╌╌╌╌╌╌╌╌╌┼╌╌╌╌╌╌╌╌╌╌╌╌╌╌╌┼╌╌╌╌╌╌╌╌╌╌┼╌╌╌╌╌╌╌╌┼╌╌╌╌╌╌╌╌╌╌╌╌╌┤
│ DASB   ┆ utilities ┆ 0.0         ┆ 0.0           ┆ 1000.0   ┆ 86.9   ┆ 0.1         │
└────────┴───────────┴─────────────┴───────────────┴──────────┴────────┴─────────────┘
shape: (5, 7)
┌────────┬────────┬─────────────┬───────────────┬─────┬────────┬─────────────┐
│ ticker ┆ sector ┆ t           ┆ median volume ┆ lot ┆ price  ┆ minPriceInc │
│ ---    ┆ ---    ┆ ---         ┆ ---           ┆ --- ┆ ---    ┆ ---         │
│ str    ┆ str    ┆ f64         ┆ f64           ┆ f64 ┆ f64    ┆ f64         │
╞════════╪════════╪═════════════╪═══════════════╪═════╪════════╪═════════════╡
│ VKCO   ┆ it     ┆ 1.7123e8    ┆ 353188.0      ┆ 1.0 ┆ 484.8  ┆ 0.2         │
├╌╌╌╌╌╌╌╌┼╌╌╌╌╌╌╌╌┼╌╌╌╌╌╌╌╌╌╌╌╌╌┼╌╌╌╌╌╌╌╌╌╌╌╌╌╌╌┼╌╌╌╌╌┼╌╌╌╌╌╌╌╌┼╌╌╌╌╌╌╌╌╌╌╌╌╌┤
│ SFTL   ┆ it     ┆ 1.8792e7    ┆ 171613.0      ┆ 1.0 ┆ 109.5  ┆ 0.1         │
├╌╌╌╌╌╌╌╌┼╌╌╌╌╌╌╌╌┼╌╌╌╌╌╌╌╌╌╌╌╌╌┼╌╌╌╌╌╌╌╌╌╌╌╌╌╌╌┼╌╌╌╌╌┼╌╌╌╌╌╌╌╌┼╌╌╌╌╌╌╌╌╌╌╌╌╌┤
│ POSI   ┆ it     ┆ 1.4069e8    ┆ 83973.0       ┆ 1.0 ┆ 1675.4 ┆ 0.2         │
├╌╌╌╌╌╌╌╌┼╌╌╌╌╌╌╌╌┼╌╌╌╌╌╌╌╌╌╌╌╌╌┼╌╌╌╌╌╌╌╌╌╌╌╌╌╌╌┼╌╌╌╌╌┼╌╌╌╌╌╌╌╌┼╌╌╌╌╌╌╌╌╌╌╌╌╌┤
│ QIWI   ┆ it     ┆ 1.7391901e7 ┆ 38182.0       ┆ 1.0 ┆ 455.5  ┆ 0.5         │
├╌╌╌╌╌╌╌╌┼╌╌╌╌╌╌╌╌┼╌╌╌╌╌╌╌╌╌╌╌╌╌┼╌╌╌╌╌╌╌╌╌╌╌╌╌╌╌┼╌╌╌╌╌┼╌╌╌╌╌╌╌╌┼╌╌╌╌╌╌╌╌╌╌╌╌╌┤
│ CIAN   ┆ it     ┆ 1.0873252e7 ┆ 25766.0       ┆ 1.0 ┆ 422.0  ┆ 0.2         │
└────────┴────────┴─────────────┴───────────────┴─────┴────────┴─────────────┘
shape: (10, 7)
┌─────────┬─────────┬──────────────┬───────────────┬────────┬────────┬─────────────┐
│ ticker  ┆ sector  ┆ t            ┆ median volume ┆ lot    ┆ price  ┆ minPriceInc │
│ ---     ┆ ---     ┆ ---          ┆ ---           ┆ ---    ┆ ---    ┆ ---         │
│ str     ┆ str     ┆ f64          ┆ f64           ┆ f64    ┆ f64    ┆ f64         │
╞═════════╪═════════╪══════════════╪═══════════════╪════════╪════════╪═════════════╡
│ YNDX    ┆ telecom ┆ 6.35840712e8 ┆ 343512.0      ┆ 1.0    ┆ 1851.0 ┆ 0.2         │
├╌╌╌╌╌╌╌╌╌┼╌╌╌╌╌╌╌╌╌┼╌╌╌╌╌╌╌╌╌╌╌╌╌╌┼╌╌╌╌╌╌╌╌╌╌╌╌╌╌╌┼╌╌╌╌╌╌╌╌┼╌╌╌╌╌╌╌╌┼╌╌╌╌╌╌╌╌╌╌╌╌╌┤
│ MTSS    ┆ telecom ┆ 2.0726e8     ┆ 83995.0       ┆ 10.0   ┆ 2467.5 ┆ 0.5         │
├╌╌╌╌╌╌╌╌╌┼╌╌╌╌╌╌╌╌╌┼╌╌╌╌╌╌╌╌╌╌╌╌╌╌┼╌╌╌╌╌╌╌╌╌╌╌╌╌╌╌┼╌╌╌╌╌╌╌╌┼╌╌╌╌╌╌╌╌┼╌╌╌╌╌╌╌╌╌╌╌╌╌┤
│ CNTLP   ┆ telecom ┆ 1.01612896e8 ┆ 78892.0       ┆ 100.0  ┆ 1288.0 ┆ 2.0         │
├╌╌╌╌╌╌╌╌╌┼╌╌╌╌╌╌╌╌╌┼╌╌╌╌╌╌╌╌╌╌╌╌╌╌┼╌╌╌╌╌╌╌╌╌╌╌╌╌╌╌┼╌╌╌╌╌╌╌╌┼╌╌╌╌╌╌╌╌┼╌╌╌╌╌╌╌╌╌╌╌╌╌┤
│ MGTSP   ┆ telecom ┆ 7.530375e7   ┆ 58375.0       ┆ 1.0    ┆ 1290.0 ┆ 2.0         │
├╌╌╌╌╌╌╌╌╌┼╌╌╌╌╌╌╌╌╌┼╌╌╌╌╌╌╌╌╌╌╌╌╌╌┼╌╌╌╌╌╌╌╌╌╌╌╌╌╌╌┼╌╌╌╌╌╌╌╌┼╌╌╌╌╌╌╌╌┼╌╌╌╌╌╌╌╌╌╌╌╌╌┤
│ RTKM    ┆ telecom ┆ 2.9433276e7  ┆ 49080.0       ┆ 10.0   ┆ 599.7  ┆ 0.1         │
├╌╌╌╌╌╌╌╌╌┼╌╌╌╌╌╌╌╌╌┼╌╌╌╌╌╌╌╌╌╌╌╌╌╌┼╌╌╌╌╌╌╌╌╌╌╌╌╌╌╌┼╌╌╌╌╌╌╌╌┼╌╌╌╌╌╌╌╌┼╌╌╌╌╌╌╌╌╌╌╌╌╌┤
│ CNTL    ┆ telecom ┆ 5.8616712e7  ┆ 38412.0       ┆ 100.0  ┆ 1526.0 ┆ 2.0         │
├╌╌╌╌╌╌╌╌╌┼╌╌╌╌╌╌╌╌╌┼╌╌╌╌╌╌╌╌╌╌╌╌╌╌┼╌╌╌╌╌╌╌╌╌╌╌╌╌╌╌┼╌╌╌╌╌╌╌╌┼╌╌╌╌╌╌╌╌┼╌╌╌╌╌╌╌╌╌╌╌╌╌┤
│ TTLK    ┆ telecom ┆ 2.1247252e7  ┆ 31736.0       ┆ 1000.0 ┆ 669.5  ┆ 0.5         │
├╌╌╌╌╌╌╌╌╌┼╌╌╌╌╌╌╌╌╌┼╌╌╌╌╌╌╌╌╌╌╌╌╌╌┼╌╌╌╌╌╌╌╌╌╌╌╌╌╌╌┼╌╌╌╌╌╌╌╌┼╌╌╌╌╌╌╌╌┼╌╌╌╌╌╌╌╌╌╌╌╌╌┤
│ RTKMP   ┆ telecom ┆ 7.0374e6     ┆ 11729.0       ┆ 10.0   ┆ 600.0  ┆ 0.5         │
├╌╌╌╌╌╌╌╌╌┼╌╌╌╌╌╌╌╌╌┼╌╌╌╌╌╌╌╌╌╌╌╌╌╌┼╌╌╌╌╌╌╌╌╌╌╌╌╌╌╌┼╌╌╌╌╌╌╌╌┼╌╌╌╌╌╌╌╌┼╌╌╌╌╌╌╌╌╌╌╌╌╌┤
│ NSVZ    ┆ telecom ┆ 2.537442e7   ┆ 9722.0        ┆ 10.0   ┆ 2610.0 ┆ 5.0         │
├╌╌╌╌╌╌╌╌╌┼╌╌╌╌╌╌╌╌╌┼╌╌╌╌╌╌╌╌╌╌╌╌╌╌┼╌╌╌╌╌╌╌╌╌╌╌╌╌╌╌┼╌╌╌╌╌╌╌╌┼╌╌╌╌╌╌╌╌┼╌╌╌╌╌╌╌╌╌╌╌╌╌┤
│ VEON-RX ┆ telecom ┆ 1.53816e6    ┆ 4080.0        ┆ 10.0   ┆ 377.0  ┆ 0.5         │
└─────────┴─────────┴──────────────┴───────────────┴────────┴────────┴─────────────┘
shape: (4, 7)
┌────────┬─────────────┬──────────────┬───────────────┬───────┬────────┬─────────────┐
│ ticker ┆ sector      ┆ t            ┆ median volume ┆ lot   ┆ price  ┆ minPriceInc │
│ ---    ┆ ---         ┆ ---          ┆ ---           ┆ ---   ┆ ---    ┆ ---         │
│ str    ┆ str         ┆ f64          ┆ f64           ┆ f64   ┆ f64    ┆ f64         │
╞════════╪═════════════╪══════════════╪═══════════════╪═══════╪════════╪═════════════╡
│ ISKJ   ┆ health_care ┆ 2.68548036e8 ┆ 227198.0      ┆ 10.0  ┆ 1182.0 ┆ 0.2         │
├╌╌╌╌╌╌╌╌┼╌╌╌╌╌╌╌╌╌╌╌╌╌┼╌╌╌╌╌╌╌╌╌╌╌╌╌╌┼╌╌╌╌╌╌╌╌╌╌╌╌╌╌╌┼╌╌╌╌╌╌╌┼╌╌╌╌╌╌╌╌┼╌╌╌╌╌╌╌╌╌╌╌╌╌┤
│ LIFE   ┆ health_care ┆ 5.9877027e7  ┆ 91977.0       ┆ 100.0 ┆ 651.0  ┆ 0.5         │
├╌╌╌╌╌╌╌╌┼╌╌╌╌╌╌╌╌╌╌╌╌╌┼╌╌╌╌╌╌╌╌╌╌╌╌╌╌┼╌╌╌╌╌╌╌╌╌╌╌╌╌╌╌┼╌╌╌╌╌╌╌┼╌╌╌╌╌╌╌╌┼╌╌╌╌╌╌╌╌╌╌╌╌╌┤
│ GEMC   ┆ health_care ┆ 7293575.8    ┆ 21617.0       ┆ 1.0   ┆ 337.4  ┆ 0.1         │
├╌╌╌╌╌╌╌╌┼╌╌╌╌╌╌╌╌╌╌╌╌╌┼╌╌╌╌╌╌╌╌╌╌╌╌╌╌┼╌╌╌╌╌╌╌╌╌╌╌╌╌╌╌┼╌╌╌╌╌╌╌┼╌╌╌╌╌╌╌╌┼╌╌╌╌╌╌╌╌╌╌╌╌╌┤
│ MDMG   ┆ health_care ┆ 8135569.2    ┆ 17526.0       ┆ 1.0   ┆ 464.2  ┆ 0.1         │
└────────┴─────────────┴──────────────┴───────────────┴───────┴────────┴─────────────┘
shape: (4, 7)
┌────────┬─────────────┬──────────────┬───────────────┬─────┬────────┬─────────────┐
│ ticker ┆ sector      ┆ t            ┆ median volume ┆ lot ┆ price  ┆ minPriceInc │
│ ---    ┆ ---         ┆ ---          ┆ ---           ┆ --- ┆ ---    ┆ ---         │
│ str    ┆ str         ┆ f64          ┆ f64           ┆ f64 ┆ f64    ┆ f64         │
╞════════╪═════════════╪══════════════╪═══════════════╪═════╪════════╪═════════════╡
│ ETLN   ┆ real_estate ┆ 1.0700e7     ┆ 203421.0      ┆ 1.0 ┆ 52.6   ┆ 0.02        │
├╌╌╌╌╌╌╌╌┼╌╌╌╌╌╌╌╌╌╌╌╌╌┼╌╌╌╌╌╌╌╌╌╌╌╌╌╌┼╌╌╌╌╌╌╌╌╌╌╌╌╌╌╌┼╌╌╌╌╌┼╌╌╌╌╌╌╌╌┼╌╌╌╌╌╌╌╌╌╌╌╌╌┤
│ PIKK   ┆ real_estate ┆ 6.0834e7     ┆ 98852.0       ┆ 1.0 ┆ 615.4  ┆ 0.1         │
├╌╌╌╌╌╌╌╌┼╌╌╌╌╌╌╌╌╌╌╌╌╌┼╌╌╌╌╌╌╌╌╌╌╌╌╌╌┼╌╌╌╌╌╌╌╌╌╌╌╌╌╌╌┼╌╌╌╌╌┼╌╌╌╌╌╌╌╌┼╌╌╌╌╌╌╌╌╌╌╌╌╌┤
│ SMLT   ┆ real_estate ┆ 1.11076825e8 ┆ 44654.0       ┆ 1.0 ┆ 2487.5 ┆ 0.5         │
├╌╌╌╌╌╌╌╌┼╌╌╌╌╌╌╌╌╌╌╌╌╌┼╌╌╌╌╌╌╌╌╌╌╌╌╌╌┼╌╌╌╌╌╌╌╌╌╌╌╌╌╌╌┼╌╌╌╌╌┼╌╌╌╌╌╌╌╌┼╌╌╌╌╌╌╌╌╌╌╌╌╌┤
│ LSRG   ┆ real_estate ┆ 1.7417e7     ┆ 35171.5       ┆ 1.0 ┆ 495.2  ┆ 0.2         │
└────────┴─────────────┴──────────────┴───────────────┴─────┴────────┴─────────────┘

